mode: set
github.com/dwoolworth/gosurfer/cmd/gosurfer/main.go:44.13,46.22 1 0
github.com/dwoolworth/gosurfer/cmd/gosurfer/main.go:46.22,51.3 4 0
github.com/dwoolworth/gosurfer/cmd/gosurfer/main.go:54.2,59.21 5 0
github.com/dwoolworth/gosurfer/cmd/gosurfer/main.go:59.21,61.17 2 0
github.com/dwoolworth/gosurfer/cmd/gosurfer/main.go:61.17,63.12 2 0
github.com/dwoolworth/gosurfer/cmd/gosurfer/main.go:65.3,65.39 1 0
github.com/dwoolworth/gosurfer/cmd/gosurfer/main.go:65.39,66.9 1 0
github.com/dwoolworth/gosurfer/cmd/gosurfer/main.go:69.3,70.22 2 0
github.com/dwoolworth/gosurfer/cmd/gosurfer/main.go:70.22,72.12 2 0
github.com/dwoolworth/gosurfer/cmd/gosurfer/main.go:75.3,76.26 2 0
github.com/dwoolworth/gosurfer/cmd/gosurfer/main.go:79.2,79.11 1 0
github.com/dwoolworth/gosurfer/cmd/gosurfer/main.go:82.22,83.20 1 0
github.com/dwoolworth/gosurfer/cmd/gosurfer/main.go:83.20,85.3 1 0
github.com/dwoolworth/gosurfer/cmd/gosurfer/main.go:87.2,97.16 5 0
github.com/dwoolworth/gosurfer/cmd/gosurfer/main.go:97.16,100.3 2 0
github.com/dwoolworth/gosurfer/cmd/gosurfer/main.go:102.2,103.16 2 0
github.com/dwoolworth/gosurfer/cmd/gosurfer/main.go:103.16,106.3 2 0
github.com/dwoolworth/gosurfer/cmd/gosurfer/main.go:109.16,110.20 1 0
github.com/dwoolworth/gosurfer/cmd/gosurfer/main.go:110.20,112.3 1 0
github.com/dwoolworth/gosurfer/cmd/gosurfer/main.go:115.48,116.13 1 1
github.com/dwoolworth/gosurfer/cmd/gosurfer/main.go:117.14,118.14 1 1
github.com/dwoolworth/gosurfer/cmd/gosurfer/main.go:120.34,121.20 1 1
github.com/dwoolworth/gosurfer/cmd/gosurfer/main.go:121.20,124.4 2 1
github.com/dwoolworth/gosurfer/cmd/gosurfer/main.go:125.3,126.36 2 1
github.com/dwoolworth/gosurfer/cmd/gosurfer/main.go:126.36,128.4 1 1
github.com/dwoolworth/gosurfer/cmd/gosurfer/main.go:129.3,129.44 1 1
github.com/dwoolworth/gosurfer/cmd/gosurfer/main.go:129.44,132.4 2 1
github.com/dwoolworth/gosurfer/cmd/gosurfer/main.go:133.3,134.65 2 1
github.com/dwoolworth/gosurfer/cmd/gosurfer/main.go:136.15,137.20 1 1
github.com/dwoolworth/gosurfer/cmd/gosurfer/main.go:137.20,140.4 2 1
github.com/dwoolworth/gosurfer/cmd/gosurfer/main.go:141.3,141.45 1 1
github.com/dwoolworth/gosurfer/cmd/gosurfer/main.go:141.45,144.4 2 0
github.com/dwoolworth/gosurfer/cmd/gosurfer/main.go:145.3,145.35 1 1
github.com/dwoolworth/gosurfer/cmd/gosurfer/main.go:147.14,148.20 1 1
github.com/dwoolworth/gosurfer/cmd/gosurfer/main.go:148.20,151.4 2 1
github.com/dwoolworth/gosurfer/cmd/gosurfer/main.go:152.3,153.50 2 1
github.com/dwoolworth/gosurfer/cmd/gosurfer/main.go:153.50,156.4 2 0
github.com/dwoolworth/gosurfer/cmd/gosurfer/main.go:157.3,157.50 1 1
github.com/dwoolworth/gosurfer/cmd/gosurfer/main.go:159.20,161.20 2 1
github.com/dwoolworth/gosurfer/cmd/gosurfer/main.go:161.20,163.4 1 1
github.com/dwoolworth/gosurfer/cmd/gosurfer/main.go:164.3,165.17 2 1
github.com/dwoolworth/gosurfer/cmd/gosurfer/main.go:165.17,168.4 2 0
github.com/dwoolworth/gosurfer/cmd/gosurfer/main.go:169.3,169.56 1 1
github.com/dwoolworth/gosurfer/cmd/gosurfer/main.go:169.56,172.4 2 0
github.com/dwoolworth/gosurfer/cmd/gosurfer/main.go:173.3,173.66 1 1
github.com/dwoolworth/gosurfer/cmd/gosurfer/main.go:175.13,177.20 2 1
github.com/dwoolworth/gosurfer/cmd/gosurfer/main.go:177.20,179.4 1 1
github.com/dwoolworth/gosurfer/cmd/gosurfer/main.go:180.3,181.17 2 1
github.com/dwoolworth/gosurfer/cmd/gosurfer/main.go:181.17,184.4 2 0
github.com/dwoolworth/gosurfer/cmd/gosurfer/main.go:185.3,185.56 1 1
github.com/dwoolworth/gosurfer/cmd/gosurfer/main.go:185.56,188.4 2 0
github.com/dwoolworth/gosurfer/cmd/gosurfer/main.go:189.3,189.59 1 1
github.com/dwoolworth/gosurfer/cmd/gosurfer/main.go:191.15,193.17 2 1
github.com/dwoolworth/gosurfer/cmd/gosurfer/main.go:193.17,196.4 2 0
github.com/dwoolworth/gosurfer/cmd/gosurfer/main.go:197.3,199.26 2 1
github.com/dwoolworth/gosurfer/cmd/gosurfer/main.go:201.14,202.20 1 1
github.com/dwoolworth/gosurfer/cmd/gosurfer/main.go:202.20,205.4 2 1
github.com/dwoolworth/gosurfer/cmd/gosurfer/main.go:206.3,207.35 2 1
github.com/dwoolworth/gosurfer/cmd/gosurfer/main.go:207.35,209.4 1 1
github.com/dwoolworth/gosurfer/cmd/gosurfer/main.go:210.3,211.17 2 1
github.com/dwoolworth/gosurfer/cmd/gosurfer/main.go:211.17,214.4 2 0
github.com/dwoolworth/gosurfer/cmd/gosurfer/main.go:215.3,215.19 1 1
github.com/dwoolworth/gosurfer/cmd/gosurfer/main.go:217.14,218.20 1 1
github.com/dwoolworth/gosurfer/cmd/gosurfer/main.go:218.20,221.4 2 1
github.com/dwoolworth/gosurfer/cmd/gosurfer/main.go:222.3,223.17 2 1
github.com/dwoolworth/gosurfer/cmd/gosurfer/main.go:223.17,226.4 2 0
github.com/dwoolworth/gosurfer/cmd/gosurfer/main.go:227.3,227.20 1 1
github.com/dwoolworth/gosurfer/cmd/gosurfer/main.go:229.14,231.17 2 1
github.com/dwoolworth/gosurfer/cmd/gosurfer/main.go:231.17,234.4 2 0
github.com/dwoolworth/gosurfer/cmd/gosurfer/main.go:235.3,235.20 1 1
github.com/dwoolworth/gosurfer/cmd/gosurfer/main.go:237.17,239.17 2 1
github.com/dwoolworth/gosurfer/cmd/gosurfer/main.go:239.17,242.4 2 0
github.com/dwoolworth/gosurfer/cmd/gosurfer/main.go:243.3,243.24 1 1
github.com/dwoolworth/gosurfer/cmd/gosurfer/main.go:243.24,246.4 2 1
github.com/dwoolworth/gosurfer/cmd/gosurfer/main.go:247.3,247.29 1 0
github.com/dwoolworth/gosurfer/cmd/gosurfer/main.go:247.29,249.4 1 0
github.com/dwoolworth/gosurfer/cmd/gosurfer/main.go:250.3,250.51 1 0
github.com/dwoolworth/gosurfer/cmd/gosurfer/main.go:252.16,253.20 1 1
github.com/dwoolworth/gosurfer/cmd/gosurfer/main.go:253.20,256.4 2 1
github.com/dwoolworth/gosurfer/cmd/gosurfer/main.go:257.3,257.21 1 1
github.com/dwoolworth/gosurfer/cmd/gosurfer/main.go:257.21,259.67 1 1
github.com/dwoolworth/gosurfer/cmd/gosurfer/main.go:259.67,262.5 2 0
github.com/dwoolworth/gosurfer/cmd/gosurfer/main.go:263.4,263.57 1 1
github.com/dwoolworth/gosurfer/cmd/gosurfer/main.go:264.9,267.18 2 1
github.com/dwoolworth/gosurfer/cmd/gosurfer/main.go:267.18,270.5 2 0
github.com/dwoolworth/gosurfer/cmd/gosurfer/main.go:271.4,271.17 1 1
github.com/dwoolworth/gosurfer/cmd/gosurfer/main.go:271.17,273.5 1 1
github.com/dwoolworth/gosurfer/cmd/gosurfer/main.go:273.10,275.5 1 1
github.com/dwoolworth/gosurfer/cmd/gosurfer/main.go:278.17,280.17 2 1
github.com/dwoolworth/gosurfer/cmd/gosurfer/main.go:280.17,283.4 2 0
github.com/dwoolworth/gosurfer/cmd/gosurfer/main.go:284.3,284.22 1 1
github.com/dwoolworth/gosurfer/cmd/gosurfer/main.go:284.22,287.4 2 1
github.com/dwoolworth/gosurfer/cmd/gosurfer/main.go:288.3,288.27 1 0
github.com/dwoolworth/gosurfer/cmd/gosurfer/main.go:288.27,290.4 1 0
github.com/dwoolworth/gosurfer/cmd/gosurfer/main.go:291.3,291.47 1 0
github.com/dwoolworth/gosurfer/cmd/gosurfer/main.go:293.13,294.17 1 1
github.com/dwoolworth/gosurfer/cmd/gosurfer/main.go:294.17,299.4 3 1
github.com/dwoolworth/gosurfer/cmd/gosurfer/main.go:300.3,300.20 1 1
github.com/dwoolworth/gosurfer/cmd/gosurfer/main.go:300.20,303.4 2 1
github.com/dwoolworth/gosurfer/cmd/gosurfer/main.go:304.3,305.17 2 1
github.com/dwoolworth/gosurfer/cmd/gosurfer/main.go:305.17,308.4 2 0
github.com/dwoolworth/gosurfer/cmd/gosurfer/main.go:309.3,309.60 1 1
github.com/dwoolworth/gosurfer/cmd/gosurfer/main.go:309.60,312.4 2 0
github.com/dwoolworth/gosurfer/cmd/gosurfer/main.go:313.3,314.12 2 1
github.com/dwoolworth/gosurfer/cmd/gosurfer/main.go:316.14,317.37 1 1
github.com/dwoolworth/gosurfer/cmd/gosurfer/main.go:317.37,320.4 2 0
github.com/dwoolworth/gosurfer/cmd/gosurfer/main.go:321.3,321.32 1 1
github.com/dwoolworth/gosurfer/cmd/gosurfer/main.go:323.17,324.40 1 1
github.com/dwoolworth/gosurfer/cmd/gosurfer/main.go:324.40,327.4 2 0
github.com/dwoolworth/gosurfer/cmd/gosurfer/main.go:328.3,328.35 1 1
github.com/dwoolworth/gosurfer/cmd/gosurfer/main.go:330.16,331.39 1 1
github.com/dwoolworth/gosurfer/cmd/gosurfer/main.go:331.39,334.4 2 0
github.com/dwoolworth/gosurfer/cmd/gosurfer/main.go:335.3,335.26 1 1
github.com/dwoolworth/gosurfer/cmd/gosurfer/main.go:337.14,339.17 2 1
github.com/dwoolworth/gosurfer/cmd/gosurfer/main.go:339.17,342.4 2 0
github.com/dwoolworth/gosurfer/cmd/gosurfer/main.go:343.3,343.27 1 1
github.com/dwoolworth/gosurfer/cmd/gosurfer/main.go:343.27,346.29 3 1
github.com/dwoolworth/gosurfer/cmd/gosurfer/main.go:346.29,348.5 1 1
github.com/dwoolworth/gosurfer/cmd/gosurfer/main.go:349.4,349.61 1 1
github.com/dwoolworth/gosurfer/cmd/gosurfer/main.go:352.15,355.13 3 0
github.com/dwoolworth/gosurfer/cmd/gosurfer/main.go:357.10,359.11 2 1
github.com/dwoolworth/gosurfer/cmd/gosurfer/main.go:362.2,362.10 1 1
github.com/dwoolworth/gosurfer/cmd/gosurfer/main.go:365.18,404.2 1 1
github.com/dwoolworth/gosurfer/cmd/gosurfer/main.go:406.38,413.33 6 1
github.com/dwoolworth/gosurfer/cmd/gosurfer/main.go:413.33,415.14 2 1
github.com/dwoolworth/gosurfer/cmd/gosurfer/main.go:415.14,416.22 1 1
github.com/dwoolworth/gosurfer/cmd/gosurfer/main.go:416.22,418.5 1 1
github.com/dwoolworth/gosurfer/cmd/gosurfer/main.go:418.10,420.5 1 1
github.com/dwoolworth/gosurfer/cmd/gosurfer/main.go:421.9,421.35 1 1
github.com/dwoolworth/gosurfer/cmd/gosurfer/main.go:421.35,425.4 3 1
github.com/dwoolworth/gosurfer/cmd/gosurfer/main.go:425.9,425.35 1 1
github.com/dwoolworth/gosurfer/cmd/gosurfer/main.go:425.35,426.37 1 1
github.com/dwoolworth/gosurfer/cmd/gosurfer/main.go:426.37,430.5 3 1
github.com/dwoolworth/gosurfer/cmd/gosurfer/main.go:431.9,433.4 1 1
github.com/dwoolworth/gosurfer/cmd/gosurfer/main.go:435.2,435.35 1 1
github.com/dwoolworth/gosurfer/cmd/gosurfer/main.go:435.35,437.3 1 1
github.com/dwoolworth/gosurfer/cmd/gosurfer/main.go:438.2,438.13 1 1
github.com/dwoolworth/gosurfer/cmd/gosurfer/main.go:441.44,442.18 1 1
github.com/dwoolworth/gosurfer/cmd/gosurfer/main.go:442.18,444.3 1 1
github.com/dwoolworth/gosurfer/cmd/gosurfer/main.go:445.2,445.10 1 1
