mode: set
github.com/dwoolworth/gosurfer/action.go:45.42,49.2 1 1
github.com/dwoolworth/gosurfer/action.go:52.54,55.2 2 1
github.com/dwoolworth/gosurfer/action.go:58.62,61.2 2 1
github.com/dwoolworth/gosurfer/action.go:64.49,66.31 2 1
github.com/dwoolworth/gosurfer/action.go:66.31,67.35 1 1
github.com/dwoolworth/gosurfer/action.go:67.35,69.4 1 1
github.com/dwoolworth/gosurfer/action.go:71.2,71.15 1 1
github.com/dwoolworth/gosurfer/action.go:75.39,275.2 23 1
github.com/dwoolworth/gosurfer/action.go:279.105,281.15 2 1
github.com/dwoolworth/gosurfer/action.go:281.15,283.3 1 1
github.com/dwoolworth/gosurfer/action.go:284.2,284.46 1 1
github.com/dwoolworth/gosurfer/action.go:284.46,286.3 1 0
github.com/dwoolworth/gosurfer/action.go:287.2,287.49 1 1
github.com/dwoolworth/gosurfer/action.go:290.102,292.37 1 1
github.com/dwoolworth/gosurfer/action.go:292.37,293.38 1 1
github.com/dwoolworth/gosurfer/action.go:293.38,295.18 2 1
github.com/dwoolworth/gosurfer/action.go:295.18,297.5 1 0
github.com/dwoolworth/gosurfer/action.go:298.4,299.18 2 1
github.com/dwoolworth/gosurfer/action.go:299.18,301.5 1 0
github.com/dwoolworth/gosurfer/action.go:302.4,302.76 1 1
github.com/dwoolworth/gosurfer/action.go:302.76,304.5 1 0
github.com/dwoolworth/gosurfer/action.go:305.4,305.81 1 1
github.com/dwoolworth/gosurfer/action.go:305.81,307.5 1 0
github.com/dwoolworth/gosurfer/action.go:308.4,309.72 2 1
github.com/dwoolworth/gosurfer/action.go:314.2,315.16 2 1
github.com/dwoolworth/gosurfer/action.go:315.16,317.3 1 1
github.com/dwoolworth/gosurfer/action.go:318.2,319.9 2 1
github.com/dwoolworth/gosurfer/action.go:319.9,321.3 1 1
github.com/dwoolworth/gosurfer/action.go:323.2,324.16 2 1
github.com/dwoolworth/gosurfer/action.go:324.16,326.3 1 0
github.com/dwoolworth/gosurfer/action.go:327.2,328.40 2 1
github.com/dwoolworth/gosurfer/action.go:328.40,330.3 1 0
github.com/dwoolworth/gosurfer/action.go:331.2,332.67 2 1
github.com/dwoolworth/gosurfer/action.go:335.101,337.16 2 1
github.com/dwoolworth/gosurfer/action.go:337.16,339.3 1 0
github.com/dwoolworth/gosurfer/action.go:340.2,341.16 2 1
github.com/dwoolworth/gosurfer/action.go:341.16,343.3 1 0
github.com/dwoolworth/gosurfer/action.go:346.2,346.48 1 1
github.com/dwoolworth/gosurfer/action.go:346.48,348.3 1 0
github.com/dwoolworth/gosurfer/action.go:350.2,351.9 2 1
github.com/dwoolworth/gosurfer/action.go:351.9,353.3 1 0
github.com/dwoolworth/gosurfer/action.go:355.2,356.16 2 1
github.com/dwoolworth/gosurfer/action.go:356.16,358.3 1 0
github.com/dwoolworth/gosurfer/action.go:359.2,363.41 3 1
github.com/dwoolworth/gosurfer/action.go:363.41,365.3 1 0
github.com/dwoolworth/gosurfer/action.go:366.2,366.17 1 1
github.com/dwoolworth/gosurfer/action.go:366.17,368.3 1 1
github.com/dwoolworth/gosurfer/action.go:370.2,370.43 1 1
github.com/dwoolworth/gosurfer/action.go:370.43,372.3 1 0
github.com/dwoolworth/gosurfer/action.go:373.2,373.66 1 1
github.com/dwoolworth/gosurfer/action.go:376.103,379.51 3 1
github.com/dwoolworth/gosurfer/action.go:379.51,381.3 1 1
github.com/dwoolworth/gosurfer/action.go:383.2,384.23 2 1
github.com/dwoolworth/gosurfer/action.go:384.23,386.3 1 1
github.com/dwoolworth/gosurfer/action.go:388.2,388.46 1 1
github.com/dwoolworth/gosurfer/action.go:388.46,390.3 1 0
github.com/dwoolworth/gosurfer/action.go:391.2,391.72 1 1
github.com/dwoolworth/gosurfer/action.go:394.103,396.17 2 1
github.com/dwoolworth/gosurfer/action.go:396.17,398.3 1 0
github.com/dwoolworth/gosurfer/action.go:399.2,400.18 2 1
github.com/dwoolworth/gosurfer/action.go:400.18,402.3 1 1
github.com/dwoolworth/gosurfer/action.go:404.2,405.16 2 1
github.com/dwoolworth/gosurfer/action.go:406.16,407.51 1 1
github.com/dwoolworth/gosurfer/action.go:408.20,409.45 1 1
github.com/dwoolworth/gosurfer/action.go:410.14,411.49 1 1
github.com/dwoolworth/gosurfer/action.go:412.10,413.51 1 0
github.com/dwoolworth/gosurfer/action.go:416.2,416.46 1 1
github.com/dwoolworth/gosurfer/action.go:416.46,418.3 1 0
github.com/dwoolworth/gosurfer/action.go:419.2,419.61 1 1
github.com/dwoolworth/gosurfer/action.go:422.98,423.39 1 1
github.com/dwoolworth/gosurfer/action.go:423.39,425.3 1 0
github.com/dwoolworth/gosurfer/action.go:426.2,426.30 1 1
github.com/dwoolworth/gosurfer/action.go:429.100,431.31 2 1
github.com/dwoolworth/gosurfer/action.go:431.31,433.3 1 0
github.com/dwoolworth/gosurfer/action.go:434.2,434.18 1 1
github.com/dwoolworth/gosurfer/action.go:434.18,436.3 1 1
github.com/dwoolworth/gosurfer/action.go:437.2,438.55 2 1
github.com/dwoolworth/gosurfer/action.go:441.102,443.16 2 1
github.com/dwoolworth/gosurfer/action.go:443.16,445.3 1 0
github.com/dwoolworth/gosurfer/action.go:446.2,446.32 1 1
github.com/dwoolworth/gosurfer/action.go:449.104,451.17 2 1
github.com/dwoolworth/gosurfer/action.go:451.17,453.3 1 0
github.com/dwoolworth/gosurfer/action.go:455.2,456.59 1 1
github.com/dwoolworth/gosurfer/action.go:459.105,461.16 2 1
github.com/dwoolworth/gosurfer/action.go:461.16,463.3 1 0
github.com/dwoolworth/gosurfer/action.go:464.2,468.16 2 1
github.com/dwoolworth/gosurfer/action.go:468.16,470.3 1 0
github.com/dwoolworth/gosurfer/action.go:471.2,471.48 1 1
github.com/dwoolworth/gosurfer/action.go:474.109,476.16 2 1
github.com/dwoolworth/gosurfer/action.go:476.16,478.3 1 0
github.com/dwoolworth/gosurfer/action.go:479.2,480.16 2 1
github.com/dwoolworth/gosurfer/action.go:480.16,482.3 1 0
github.com/dwoolworth/gosurfer/action.go:484.2,485.9 2 1
github.com/dwoolworth/gosurfer/action.go:485.9,487.3 1 0
github.com/dwoolworth/gosurfer/action.go:489.2,490.16 2 1
github.com/dwoolworth/gosurfer/action.go:490.16,492.3 1 0
github.com/dwoolworth/gosurfer/action.go:493.2,494.51 2 1
github.com/dwoolworth/gosurfer/action.go:494.51,496.3 1 0
github.com/dwoolworth/gosurfer/action.go:497.2,497.67 1 1
github.com/dwoolworth/gosurfer/action.go:500.106,502.17 2 1
github.com/dwoolworth/gosurfer/action.go:502.17,504.3 1 0
github.com/dwoolworth/gosurfer/action.go:505.2,505.23 1 1
github.com/dwoolworth/gosurfer/action.go:505.23,507.3 1 0
github.com/dwoolworth/gosurfer/action.go:509.2,510.16 2 1
github.com/dwoolworth/gosurfer/action.go:510.16,512.3 1 0
github.com/dwoolworth/gosurfer/action.go:514.2,514.26 1 1
github.com/dwoolworth/gosurfer/action.go:514.26,517.19 3 1
github.com/dwoolworth/gosurfer/action.go:517.19,519.4 1 1
github.com/dwoolworth/gosurfer/action.go:520.3,520.23 1 1
github.com/dwoolworth/gosurfer/action.go:520.23,522.18 2 1
github.com/dwoolworth/gosurfer/action.go:522.18,524.5 1 0
github.com/dwoolworth/gosurfer/action.go:525.4,527.23 3 1
github.com/dwoolworth/gosurfer/action.go:527.23,530.38 2 1
github.com/dwoolworth/gosurfer/action.go:530.38,532.6 1 0
github.com/dwoolworth/gosurfer/action.go:533.5,533.53 1 1
github.com/dwoolworth/gosurfer/action.go:535.4,535.70 1 1
github.com/dwoolworth/gosurfer/action.go:538.2,538.50 1 1
github.com/dwoolworth/gosurfer/action.go:541.105,543.17 2 1
github.com/dwoolworth/gosurfer/action.go:543.17,545.3 1 0
github.com/dwoolworth/gosurfer/action.go:546.2,546.23 1 1
github.com/dwoolworth/gosurfer/action.go:546.23,548.3 1 0
github.com/dwoolworth/gosurfer/action.go:550.2,551.16 2 1
github.com/dwoolworth/gosurfer/action.go:551.16,553.3 1 0
github.com/dwoolworth/gosurfer/action.go:555.2,555.26 1 1
github.com/dwoolworth/gosurfer/action.go:555.26,558.19 3 1
github.com/dwoolworth/gosurfer/action.go:558.19,560.4 1 1
github.com/dwoolworth/gosurfer/action.go:561.3,561.23 1 1
github.com/dwoolworth/gosurfer/action.go:561.23,562.36 1 1
github.com/dwoolworth/gosurfer/action.go:562.36,564.5 1 0
github.com/dwoolworth/gosurfer/action.go:565.4,565.51 1 1
github.com/dwoolworth/gosurfer/action.go:568.2,568.50 1 0
github.com/dwoolworth/gosurfer/action.go:571.103,573.15 2 1
github.com/dwoolworth/gosurfer/action.go:573.15,575.3 1 0
github.com/dwoolworth/gosurfer/action.go:576.2,576.23 1 1
github.com/dwoolworth/gosurfer/action.go:576.23,578.3 1 0
github.com/dwoolworth/gosurfer/action.go:580.2,581.16 2 1
github.com/dwoolworth/gosurfer/action.go:581.16,583.3 1 0
github.com/dwoolworth/gosurfer/action.go:584.2,584.43 1 1
github.com/dwoolworth/gosurfer/action.go:584.43,586.3 1 0
github.com/dwoolworth/gosurfer/action.go:589.2,589.21 1 1
github.com/dwoolworth/gosurfer/action.go:589.21,591.36 2 0
github.com/dwoolworth/gosurfer/action.go:591.36,593.4 1 0
github.com/dwoolworth/gosurfer/action.go:594.3,594.53 1 0
github.com/dwoolworth/gosurfer/action.go:597.2,597.52 1 1
github.com/dwoolworth/gosurfer/action.go:600.107,602.16 2 0
github.com/dwoolworth/gosurfer/action.go:602.16,604.3 1 0
github.com/dwoolworth/gosurfer/action.go:605.2,606.16 2 0
github.com/dwoolworth/gosurfer/action.go:606.16,608.3 1 0
github.com/dwoolworth/gosurfer/action.go:610.2,611.9 2 0
github.com/dwoolworth/gosurfer/action.go:611.9,613.3 1 0
github.com/dwoolworth/gosurfer/action.go:615.2,616.16 2 0
github.com/dwoolworth/gosurfer/action.go:616.16,618.3 1 0
github.com/dwoolworth/gosurfer/action.go:619.2,619.55 1 0
github.com/dwoolworth/gosurfer/action.go:619.55,621.3 1 0
github.com/dwoolworth/gosurfer/action.go:622.2,622.67 1 0
github.com/dwoolworth/gosurfer/action.go:625.102,627.16 2 1
github.com/dwoolworth/gosurfer/action.go:627.16,629.3 1 0
github.com/dwoolworth/gosurfer/action.go:630.2,630.23 1 1
github.com/dwoolworth/gosurfer/action.go:630.23,632.3 1 1
github.com/dwoolworth/gosurfer/action.go:633.2,634.28 2 1
github.com/dwoolworth/gosurfer/action.go:634.28,636.3 1 1
github.com/dwoolworth/gosurfer/action.go:637.2,637.85 1 1
github.com/dwoolworth/gosurfer/action.go:640.106,643.16 3 1
github.com/dwoolworth/gosurfer/action.go:643.16,645.3 1 1
github.com/dwoolworth/gosurfer/action.go:646.2,646.63 1 1
github.com/dwoolworth/gosurfer/action.go:646.63,648.3 1 0
github.com/dwoolworth/gosurfer/action.go:649.2,649.59 1 1
github.com/dwoolworth/gosurfer/action.go:652.102,654.16 2 1
github.com/dwoolworth/gosurfer/action.go:654.16,656.3 1 0
github.com/dwoolworth/gosurfer/action.go:657.2,657.21 1 1
github.com/dwoolworth/gosurfer/action.go:657.21,659.3 1 1
github.com/dwoolworth/gosurfer/action.go:660.2,661.26 2 1
github.com/dwoolworth/gosurfer/action.go:661.26,662.19 1 1
github.com/dwoolworth/gosurfer/action.go:662.19,664.4 1 0
github.com/dwoolworth/gosurfer/action.go:665.3,665.52 1 1
github.com/dwoolworth/gosurfer/action.go:667.2,667.81 1 1
github.com/dwoolworth/gosurfer/action.go:670.107,673.15 3 1
github.com/dwoolworth/gosurfer/action.go:673.15,675.3 1 1
github.com/dwoolworth/gosurfer/action.go:676.2,676.60 1 1
github.com/dwoolworth/gosurfer/action.go:676.60,678.3 1 0
github.com/dwoolworth/gosurfer/action.go:679.2,679.64 1 1
github.com/dwoolworth/gosurfer/action.go:682.101,684.16 2 1
github.com/dwoolworth/gosurfer/action.go:684.16,686.3 1 0
github.com/dwoolworth/gosurfer/action.go:687.2,688.9 2 1
github.com/dwoolworth/gosurfer/action.go:688.9,690.3 1 1
github.com/dwoolworth/gosurfer/action.go:693.2,694.16 2 0
github.com/dwoolworth/gosurfer/action.go:694.16,696.3 1 0
github.com/dwoolworth/gosurfer/action.go:697.2,700.56 2 0
github.com/dwoolworth/gosurfer/action.go:700.56,702.17 2 0
github.com/dwoolworth/gosurfer/action.go:702.17,704.4 1 0
github.com/dwoolworth/gosurfer/action.go:705.3,706.10 2 0
github.com/dwoolworth/gosurfer/action.go:706.10,708.4 1 0
github.com/dwoolworth/gosurfer/action.go:709.3,710.17 2 0
github.com/dwoolworth/gosurfer/action.go:710.17,712.4 1 0
github.com/dwoolworth/gosurfer/action.go:713.3,714.55 2 0
github.com/dwoolworth/gosurfer/action.go:714.55,716.4 1 0
github.com/dwoolworth/gosurfer/action.go:717.3,717.82 1 0
github.com/dwoolworth/gosurfer/action.go:721.2,723.32 3 0
github.com/dwoolworth/gosurfer/action.go:723.32,725.3 1 0
github.com/dwoolworth/gosurfer/action.go:726.2,726.64 1 0
github.com/dwoolworth/gosurfer/action.go:726.64,728.3 1 0
github.com/dwoolworth/gosurfer/action.go:729.2,729.84 1 0
github.com/dwoolworth/gosurfer/action.go:732.100,735.2 2 1
github.com/dwoolworth/gosurfer/action.go:739.46,740.25 1 1
github.com/dwoolworth/gosurfer/action.go:741.15,742.18 1 1
github.com/dwoolworth/gosurfer/action.go:743.11,744.27 1 1
github.com/dwoolworth/gosurfer/action.go:745.14,746.37 1 1
github.com/dwoolworth/gosurfer/action.go:747.19,748.23 1 1
github.com/dwoolworth/gosurfer/action.go:749.10,750.58 1 1
github.com/dwoolworth/gosurfer/action.go:754.40,755.25 1 1
github.com/dwoolworth/gosurfer/action.go:756.11,757.18 1 1
github.com/dwoolworth/gosurfer/action.go:758.15,759.23 1 1
github.com/dwoolworth/gosurfer/action.go:760.14,761.27 1 1
github.com/dwoolworth/gosurfer/action.go:762.19,764.21 2 1
github.com/dwoolworth/gosurfer/action.go:765.10,766.54 1 1
github.com/dwoolworth/gosurfer/agent.go:105.51,106.23 1 1
github.com/dwoolworth/gosurfer/agent.go:106.23,108.3 1 1
github.com/dwoolworth/gosurfer/agent.go:109.2,109.23 1 1
github.com/dwoolworth/gosurfer/agent.go:109.23,111.3 1 1
github.com/dwoolworth/gosurfer/agent.go:112.2,112.26 1 1
github.com/dwoolworth/gosurfer/agent.go:112.26,114.3 1 1
github.com/dwoolworth/gosurfer/agent.go:115.2,115.29 1 1
github.com/dwoolworth/gosurfer/agent.go:115.29,117.3 1 1
github.com/dwoolworth/gosurfer/agent.go:118.2,118.27 1 1
github.com/dwoolworth/gosurfer/agent.go:118.27,120.3 1 1
github.com/dwoolworth/gosurfer/agent.go:122.2,126.27 2 1
github.com/dwoolworth/gosurfer/agent.go:126.27,128.3 1 1
github.com/dwoolworth/gosurfer/agent.go:129.2,129.15 1 1
github.com/dwoolworth/gosurfer/agent.go:133.64,135.29 1 1
github.com/dwoolworth/gosurfer/agent.go:135.29,137.3 1 1
github.com/dwoolworth/gosurfer/agent.go:137.8,142.17 2 0
github.com/dwoolworth/gosurfer/agent.go:142.17,144.4 1 0
github.com/dwoolworth/gosurfer/agent.go:145.3,146.23 2 0
github.com/dwoolworth/gosurfer/agent.go:150.2,151.16 2 1
github.com/dwoolworth/gosurfer/agent.go:151.16,153.3 1 0
github.com/dwoolworth/gosurfer/agent.go:154.2,159.15 3 1
github.com/dwoolworth/gosurfer/agent.go:159.15,160.29 1 1
github.com/dwoolworth/gosurfer/agent.go:160.29,162.4 1 1
github.com/dwoolworth/gosurfer/agent.go:163.3,163.20 1 1
github.com/dwoolworth/gosurfer/agent.go:163.20,165.4 1 0
github.com/dwoolworth/gosurfer/agent.go:169.2,170.51 2 1
github.com/dwoolworth/gosurfer/agent.go:170.51,171.10 1 1
github.com/dwoolworth/gosurfer/agent.go:172.21,173.60 1 0
github.com/dwoolworth/gosurfer/agent.go:174.11,174.11 0 1
github.com/dwoolworth/gosurfer/agent.go:177.3,182.17 5 1
github.com/dwoolworth/gosurfer/agent.go:182.17,185.24 3 0
github.com/dwoolworth/gosurfer/agent.go:185.24,187.5 1 0
github.com/dwoolworth/gosurfer/agent.go:188.4,188.51 1 0
github.com/dwoolworth/gosurfer/agent.go:188.51,191.5 2 0
github.com/dwoolworth/gosurfer/agent.go:192.9,194.4 1 1
github.com/dwoolworth/gosurfer/agent.go:196.3,198.29 2 1
github.com/dwoolworth/gosurfer/agent.go:198.29,200.4 1 1
github.com/dwoolworth/gosurfer/agent.go:202.3,202.23 1 1
github.com/dwoolworth/gosurfer/agent.go:202.23,204.4 1 0
github.com/dwoolworth/gosurfer/agent.go:206.3,206.11 1 1
github.com/dwoolworth/gosurfer/agent.go:206.11,208.4 1 1
github.com/dwoolworth/gosurfer/agent.go:211.2,211.55 1 0
github.com/dwoolworth/gosurfer/agent.go:215.80,219.35 2 1
github.com/dwoolworth/gosurfer/agent.go:219.35,220.67 1 0
github.com/dwoolworth/gosurfer/agent.go:220.67,221.24 1 0
github.com/dwoolworth/gosurfer/agent.go:221.24,223.5 1 0
github.com/dwoolworth/gosurfer/agent.go:224.4,224.75 1 0
github.com/dwoolworth/gosurfer/agent.go:224.75,225.25 1 0
github.com/dwoolworth/gosurfer/agent.go:225.25,227.6 1 0
github.com/dwoolworth/gosurfer/agent.go:228.10,229.25 1 0
github.com/dwoolworth/gosurfer/agent.go:229.25,231.6 1 0
github.com/dwoolworth/gosurfer/agent.go:232.5,232.32 1 0
github.com/dwoolworth/gosurfer/agent.go:238.2,240.24 3 1
github.com/dwoolworth/gosurfer/agent.go:240.24,242.3 1 0
github.com/dwoolworth/gosurfer/agent.go:242.8,244.3 1 1
github.com/dwoolworth/gosurfer/agent.go:245.2,245.16 1 1
github.com/dwoolworth/gosurfer/agent.go:245.16,247.3 1 0
github.com/dwoolworth/gosurfer/agent.go:250.2,258.16 4 1
github.com/dwoolworth/gosurfer/agent.go:258.16,260.3 1 0
github.com/dwoolworth/gosurfer/agent.go:263.2,269.16 5 1
github.com/dwoolworth/gosurfer/agent.go:269.16,271.3 1 0
github.com/dwoolworth/gosurfer/agent.go:273.2,279.9 5 1
github.com/dwoolworth/gosurfer/agent.go:279.9,281.3 1 0
github.com/dwoolworth/gosurfer/agent.go:283.2,289.16 2 1
github.com/dwoolworth/gosurfer/agent.go:289.16,292.3 2 0
github.com/dwoolworth/gosurfer/agent.go:294.2,297.26 2 1
github.com/dwoolworth/gosurfer/agent.go:297.26,299.3 1 1
github.com/dwoolworth/gosurfer/agent.go:302.2,302.55 1 1
github.com/dwoolworth/gosurfer/agent.go:302.55,304.3 1 1
github.com/dwoolworth/gosurfer/agent.go:307.2,309.25 2 1
github.com/dwoolworth/gosurfer/agent.go:313.35,315.35 2 1
github.com/dwoolworth/gosurfer/agent.go:315.35,317.3 1 0
github.com/dwoolworth/gosurfer/agent.go:319.2,322.72 4 1
github.com/dwoolworth/gosurfer/agent.go:322.72,326.29 2 1
github.com/dwoolworth/gosurfer/agent.go:326.29,328.4 1 1
github.com/dwoolworth/gosurfer/agent.go:329.3,330.23 2 1
github.com/dwoolworth/gosurfer/agent.go:330.23,332.4 1 0
github.com/dwoolworth/gosurfer/agent.go:337.75,339.36 2 1
github.com/dwoolworth/gosurfer/agent.go:339.36,341.3 1 1
github.com/dwoolworth/gosurfer/agent.go:342.2,342.34 1 1
github.com/dwoolworth/gosurfer/agent.go:342.34,344.3 1 1
github.com/dwoolworth/gosurfer/agent.go:345.2,347.31 2 1
github.com/dwoolworth/gosurfer/agent.go:347.31,349.3 1 1
github.com/dwoolworth/gosurfer/agent.go:353.34,354.30 1 1
github.com/dwoolworth/gosurfer/agent.go:354.30,356.3 1 1
github.com/dwoolworth/gosurfer/agent.go:358.2,361.25 4 1
github.com/dwoolworth/gosurfer/agent.go:361.25,362.27 1 1
github.com/dwoolworth/gosurfer/agent.go:362.27,364.4 1 1
github.com/dwoolworth/gosurfer/agent.go:366.2,366.13 1 1
github.com/dwoolworth/gosurfer/agent.go:370.75,377.24 3 1
github.com/dwoolworth/gosurfer/agent.go:377.24,379.3 1 0
github.com/dwoolworth/gosurfer/agent.go:380.2,380.45 1 1
github.com/dwoolworth/gosurfer/agent.go:380.45,382.21 2 1
github.com/dwoolworth/gosurfer/agent.go:382.21,384.4 1 1
github.com/dwoolworth/gosurfer/agent.go:385.3,385.21 1 1
github.com/dwoolworth/gosurfer/agent.go:385.21,387.4 1 0
github.com/dwoolworth/gosurfer/agent.go:388.3,389.132 2 1
github.com/dwoolworth/gosurfer/agent.go:393.2,394.25 2 1
github.com/dwoolworth/gosurfer/agent.go:394.25,396.34 2 1
github.com/dwoolworth/gosurfer/agent.go:396.34,398.28 2 1
github.com/dwoolworth/gosurfer/agent.go:398.28,400.5 1 1
github.com/dwoolworth/gosurfer/agent.go:401.4,401.96 1 1
github.com/dwoolworth/gosurfer/agent.go:406.2,407.19 2 1
github.com/dwoolworth/gosurfer/agent.go:407.19,409.3 1 1
github.com/dwoolworth/gosurfer/agent.go:411.2,414.51 2 1
github.com/dwoolworth/gosurfer/agent.go:414.51,416.3 1 0
github.com/dwoolworth/gosurfer/agent.go:416.8,418.3 1 1
github.com/dwoolworth/gosurfer/agent.go:420.2,420.17 1 1
github.com/dwoolworth/gosurfer/agent.go:431.114,434.39 2 1
github.com/dwoolworth/gosurfer/agent.go:434.39,436.21 2 1
github.com/dwoolworth/gosurfer/agent.go:436.21,438.4 1 1
github.com/dwoolworth/gosurfer/agent.go:439.3,439.38 1 1
github.com/dwoolworth/gosurfer/agent.go:442.2,443.63 2 1
github.com/dwoolworth/gosurfer/agent.go:443.63,447.32 3 1
github.com/dwoolworth/gosurfer/agent.go:447.32,449.67 2 1
github.com/dwoolworth/gosurfer/agent.go:449.67,451.5 1 0
github.com/dwoolworth/gosurfer/agent.go:452.9,454.4 1 1
github.com/dwoolworth/gosurfer/agent.go:457.2,457.23 1 1
github.com/dwoolworth/gosurfer/agent.go:457.23,459.3 1 1
github.com/dwoolworth/gosurfer/agent.go:460.2,460.24 1 1
github.com/dwoolworth/gosurfer/agent.go:460.24,462.3 1 1
github.com/dwoolworth/gosurfer/agent.go:464.2,464.52 1 1
github.com/dwoolworth/gosurfer/agent.go:467.71,475.2 1 1
github.com/dwoolworth/gosurfer/browser.go:65.57,71.18 2 1
github.com/dwoolworth/gosurfer/browser.go:71.18,73.30 2 1
github.com/dwoolworth/gosurfer/browser.go:73.30,75.4 1 1
github.com/dwoolworth/gosurfer/browser.go:76.3,76.31 1 1
github.com/dwoolworth/gosurfer/browser.go:76.31,78.4 1 1
github.com/dwoolworth/gosurfer/browser.go:81.2,88.20 2 1
github.com/dwoolworth/gosurfer/browser.go:88.20,89.47 1 1
github.com/dwoolworth/gosurfer/browser.go:89.47,90.17 1 1
github.com/dwoolworth/gosurfer/browser.go:90.17,92.5 1 1
github.com/dwoolworth/gosurfer/browser.go:92.10,94.5 1 1
github.com/dwoolworth/gosurfer/browser.go:98.2,98.27 1 1
github.com/dwoolworth/gosurfer/browser.go:98.27,100.3 1 0
github.com/dwoolworth/gosurfer/browser.go:101.2,101.22 1 1
github.com/dwoolworth/gosurfer/browser.go:101.22,103.3 1 0
github.com/dwoolworth/gosurfer/browser.go:104.2,104.30 1 1
github.com/dwoolworth/gosurfer/browser.go:104.30,106.3 1 0
github.com/dwoolworth/gosurfer/browser.go:107.2,107.24 1 1
github.com/dwoolworth/gosurfer/browser.go:107.24,109.3 1 0
github.com/dwoolworth/gosurfer/browser.go:111.2,112.16 2 1
github.com/dwoolworth/gosurfer/browser.go:112.16,114.3 1 0
github.com/dwoolworth/gosurfer/browser.go:116.2,117.42 2 1
github.com/dwoolworth/gosurfer/browser.go:117.42,119.3 1 0
github.com/dwoolworth/gosurfer/browser.go:121.2,121.52 1 1
github.com/dwoolworth/gosurfer/browser.go:125.75,127.18 2 0
github.com/dwoolworth/gosurfer/browser.go:127.18,129.3 1 0
github.com/dwoolworth/gosurfer/browser.go:131.2,132.42 2 0
github.com/dwoolworth/gosurfer/browser.go:132.42,134.3 1 0
github.com/dwoolworth/gosurfer/browser.go:135.2,135.52 1 0
github.com/dwoolworth/gosurfer/browser.go:139.44,141.16 2 1
github.com/dwoolworth/gosurfer/browser.go:141.16,143.3 1 0
github.com/dwoolworth/gosurfer/browser.go:145.2,149.17 1 1
github.com/dwoolworth/gosurfer/browser.go:149.17,151.3 1 0
github.com/dwoolworth/gosurfer/browser.go:153.2,157.22 3 1
github.com/dwoolworth/gosurfer/browser.go:157.22,158.44 1 1
github.com/dwoolworth/gosurfer/browser.go:158.44,160.4 1 0
github.com/dwoolworth/gosurfer/browser.go:161.3,161.53 1 1
github.com/dwoolworth/gosurfer/browser.go:161.53,163.4 1 0
github.com/dwoolworth/gosurfer/browser.go:166.2,166.18 1 1
github.com/dwoolworth/gosurfer/browser.go:170.44,172.16 2 1
github.com/dwoolworth/gosurfer/browser.go:172.16,174.3 1 0
github.com/dwoolworth/gosurfer/browser.go:175.2,176.26 2 1
github.com/dwoolworth/gosurfer/browser.go:176.26,180.3 3 1
github.com/dwoolworth/gosurfer/browser.go:181.2,181.20 1 1
github.com/dwoolworth/gosurfer/browser.go:185.49,187.16 2 1
github.com/dwoolworth/gosurfer/browser.go:187.16,189.3 1 0
github.com/dwoolworth/gosurfer/browser.go:190.2,190.56 1 1
github.com/dwoolworth/gosurfer/browser.go:195.48,197.2 1 0
github.com/dwoolworth/gosurfer/browser.go:200.70,202.2 1 0
github.com/dwoolworth/gosurfer/browser.go:205.61,207.16 2 1
github.com/dwoolworth/gosurfer/browser.go:207.16,209.3 1 0
github.com/dwoolworth/gosurfer/browser.go:210.2,211.16 2 1
github.com/dwoolworth/gosurfer/browser.go:211.16,213.3 1 0
github.com/dwoolworth/gosurfer/browser.go:214.2,216.16 3 1
github.com/dwoolworth/gosurfer/browser.go:220.38,222.2 1 1
github.com/dwoolworth/gosurfer/browser.go:225.33,227.2 1 1
github.com/dwoolworth/gosurfer/captcha.go:41.54,43.16 2 1
github.com/dwoolworth/gosurfer/captcha.go:43.16,45.3 1 0
github.com/dwoolworth/gosurfer/captcha.go:47.2,52.54 2 1
github.com/dwoolworth/gosurfer/captcha.go:52.54,54.3 1 0
github.com/dwoolworth/gosurfer/captcha.go:55.2,55.17 1 1
github.com/dwoolworth/gosurfer/captcha.go:55.17,57.3 1 1
github.com/dwoolworth/gosurfer/captcha.go:59.2,64.8 2 1
github.com/dwoolworth/gosurfer/captcha.go:69.78,71.16 2 1
github.com/dwoolworth/gosurfer/captcha.go:71.16,73.3 1 0
github.com/dwoolworth/gosurfer/captcha.go:74.2,74.17 1 1
github.com/dwoolworth/gosurfer/captcha.go:74.17,76.3 1 1
github.com/dwoolworth/gosurfer/captcha.go:78.2,79.16 2 1
github.com/dwoolworth/gosurfer/captcha.go:79.16,81.3 1 0
github.com/dwoolworth/gosurfer/captcha.go:83.2,83.47 1 1
github.com/dwoolworth/gosurfer/captcha.go:87.80,89.21 2 1
github.com/dwoolworth/gosurfer/captcha.go:90.46,110.27 1 1
github.com/dwoolworth/gosurfer/captcha.go:111.23,125.27 1 0
github.com/dwoolworth/gosurfer/captcha.go:126.24,140.20 1 0
github.com/dwoolworth/gosurfer/captcha.go:141.10,142.65 1 0
github.com/dwoolworth/gosurfer/captcha.go:145.2,146.12 2 1
github.com/dwoolworth/gosurfer/captcha.go:159.59,165.2 1 1
github.com/dwoolworth/gosurfer/captcha.go:167.42,167.63 1 1
github.com/dwoolworth/gosurfer/captcha.go:169.89,176.19 2 1
github.com/dwoolworth/gosurfer/captcha.go:177.26,179.40 2 1
github.com/dwoolworth/gosurfer/captcha.go:180.26,184.33 4 1
github.com/dwoolworth/gosurfer/captcha.go:185.23,187.38 2 1
github.com/dwoolworth/gosurfer/captcha.go:188.24,190.38 2 1
github.com/dwoolworth/gosurfer/captcha.go:191.10,192.67 1 0
github.com/dwoolworth/gosurfer/captcha.go:195.2,196.19 2 1
github.com/dwoolworth/gosurfer/captcha.go:196.19,198.3 1 0
github.com/dwoolworth/gosurfer/captcha.go:200.2,202.16 3 1
github.com/dwoolworth/gosurfer/captcha.go:202.16,204.3 1 1
github.com/dwoolworth/gosurfer/captcha.go:206.2,210.60 2 1
github.com/dwoolworth/gosurfer/captcha.go:210.60,212.3 1 0
github.com/dwoolworth/gosurfer/captcha.go:213.2,213.30 1 1
github.com/dwoolworth/gosurfer/captcha.go:213.30,215.3 1 1
github.com/dwoolworth/gosurfer/captcha.go:216.2,222.44 3 1
github.com/dwoolworth/gosurfer/captcha.go:222.44,223.10 1 1
github.com/dwoolworth/gosurfer/captcha.go:224.21,225.24 1 0
github.com/dwoolworth/gosurfer/captcha.go:226.38,226.38 0 1
github.com/dwoolworth/gosurfer/captcha.go:229.3,230.17 2 1
github.com/dwoolworth/gosurfer/captcha.go:230.17,231.12 1 0
github.com/dwoolworth/gosurfer/captcha.go:234.3,238.59 2 1
github.com/dwoolworth/gosurfer/captcha.go:238.59,239.12 1 0
github.com/dwoolworth/gosurfer/captcha.go:242.3,242.29 1 1
github.com/dwoolworth/gosurfer/captcha.go:242.29,244.4 1 1
github.com/dwoolworth/gosurfer/captcha.go:245.3,245.47 1 1
github.com/dwoolworth/gosurfer/captcha.go:245.47,247.4 1 0
github.com/dwoolworth/gosurfer/captcha.go:250.2,250.65 1 0
github.com/dwoolworth/gosurfer/captcha.go:253.86,255.16 2 1
github.com/dwoolworth/gosurfer/captcha.go:255.16,257.3 1 0
github.com/dwoolworth/gosurfer/captcha.go:258.2,259.16 2 1
github.com/dwoolworth/gosurfer/captcha.go:259.16,261.3 1 1
github.com/dwoolworth/gosurfer/captcha.go:262.2,262.15 1 1
github.com/dwoolworth/gosurfer/captcha.go:262.15,262.40 1 1
github.com/dwoolworth/gosurfer/captcha.go:263.2,263.30 1 1
github.com/dwoolworth/gosurfer/captcha.go:276.45,282.2 1 1
github.com/dwoolworth/gosurfer/captcha.go:284.35,284.57 1 1
github.com/dwoolworth/gosurfer/captcha.go:286.82,288.19 2 1
github.com/dwoolworth/gosurfer/captcha.go:288.19,290.3 1 0
github.com/dwoolworth/gosurfer/captcha.go:293.2,298.19 3 1
github.com/dwoolworth/gosurfer/captcha.go:299.26,300.40 1 1
github.com/dwoolworth/gosurfer/captcha.go:301.26,303.38 2 0
github.com/dwoolworth/gosurfer/captcha.go:304.23,305.37 1 1
github.com/dwoolworth/gosurfer/captcha.go:306.24,307.42 1 0
github.com/dwoolworth/gosurfer/captcha.go:308.10,309.67 1 0
github.com/dwoolworth/gosurfer/captcha.go:311.2,320.16 4 1
github.com/dwoolworth/gosurfer/captcha.go:320.16,322.3 1 0
github.com/dwoolworth/gosurfer/captcha.go:324.2,329.60 2 1
github.com/dwoolworth/gosurfer/captcha.go:329.60,331.3 1 0
github.com/dwoolworth/gosurfer/captcha.go:332.2,332.31 1 1
github.com/dwoolworth/gosurfer/captcha.go:332.31,334.3 1 1
github.com/dwoolworth/gosurfer/captcha.go:337.2,337.44 1 1
github.com/dwoolworth/gosurfer/captcha.go:337.44,338.10 1 1
github.com/dwoolworth/gosurfer/captcha.go:339.21,340.24 1 0
github.com/dwoolworth/gosurfer/captcha.go:341.38,341.38 0 1
github.com/dwoolworth/gosurfer/captcha.go:344.3,349.17 3 1
github.com/dwoolworth/gosurfer/captcha.go:349.17,350.12 1 0
github.com/dwoolworth/gosurfer/captcha.go:353.3,362.59 2 1
github.com/dwoolworth/gosurfer/captcha.go:362.59,363.12 1 0
github.com/dwoolworth/gosurfer/captcha.go:365.3,365.30 1 1
github.com/dwoolworth/gosurfer/captcha.go:365.30,367.4 1 0
github.com/dwoolworth/gosurfer/captcha.go:368.3,368.35 1 1
github.com/dwoolworth/gosurfer/captcha.go:368.35,370.19 2 1
github.com/dwoolworth/gosurfer/captcha.go:370.19,372.5 1 0
github.com/dwoolworth/gosurfer/captcha.go:373.4,373.21 1 1
github.com/dwoolworth/gosurfer/captcha.go:377.2,377.66 1 0
github.com/dwoolworth/gosurfer/captcha.go:380.93,382.16 2 1
github.com/dwoolworth/gosurfer/captcha.go:382.16,384.3 1 0
github.com/dwoolworth/gosurfer/captcha.go:385.2,387.16 3 1
github.com/dwoolworth/gosurfer/captcha.go:387.16,389.3 1 0
github.com/dwoolworth/gosurfer/captcha.go:390.2,390.15 1 1
github.com/dwoolworth/gosurfer/captcha.go:390.15,390.40 1 1
github.com/dwoolworth/gosurfer/captcha.go:391.2,391.30 1 1
github.com/dwoolworth/gosurfer/captcha.go:461.45,461.64 1 1
github.com/dwoolworth/gosurfer/captcha.go:463.92,465.2 1 1
github.com/dwoolworth/gosurfer/dom.go:66.52,69.16 2 1
github.com/dwoolworth/gosurfer/dom.go:69.16,71.3 1 0
github.com/dwoolworth/gosurfer/dom.go:73.2,74.59 2 1
github.com/dwoolworth/gosurfer/dom.go:74.59,76.3 1 0
github.com/dwoolworth/gosurfer/dom.go:79.2,80.36 2 1
github.com/dwoolworth/gosurfer/dom.go:80.36,83.3 2 1
github.com/dwoolworth/gosurfer/dom.go:85.2,95.27 2 1
github.com/dwoolworth/gosurfer/dom.go:95.27,97.3 1 1
github.com/dwoolworth/gosurfer/dom.go:100.2,102.19 3 1
github.com/dwoolworth/gosurfer/dom.go:106.45,108.16 2 1
github.com/dwoolworth/gosurfer/dom.go:108.16,110.3 1 0
github.com/dwoolworth/gosurfer/dom.go:111.2,112.26 2 1
github.com/dwoolworth/gosurfer/dom.go:112.26,114.17 2 1
github.com/dwoolworth/gosurfer/dom.go:114.17,115.12 1 0
github.com/dwoolworth/gosurfer/dom.go:117.3,119.19 3 1
github.com/dwoolworth/gosurfer/dom.go:119.19,121.4 1 1
github.com/dwoolworth/gosurfer/dom.go:122.3,126.5 1 1
github.com/dwoolworth/gosurfer/dom.go:128.2,128.13 1 1
github.com/dwoolworth/gosurfer/dom.go:152.86,156.29 3 1
github.com/dwoolworth/gosurfer/dom.go:156.29,159.29 2 1
github.com/dwoolworth/gosurfer/dom.go:159.29,161.11 2 1
github.com/dwoolworth/gosurfer/dom.go:161.11,162.13 1 0
github.com/dwoolworth/gosurfer/dom.go:165.4,166.25 2 1
github.com/dwoolworth/gosurfer/dom.go:166.25,168.5 1 1
github.com/dwoolworth/gosurfer/dom.go:169.4,172.43 2 1
github.com/dwoolworth/gosurfer/dom.go:172.43,173.56 1 1
github.com/dwoolworth/gosurfer/dom.go:173.56,175.6 1 1
github.com/dwoolworth/gosurfer/dom.go:179.4,180.18 2 1
github.com/dwoolworth/gosurfer/dom.go:180.18,182.5 1 1
github.com/dwoolworth/gosurfer/dom.go:182.10,184.5 1 1
github.com/dwoolworth/gosurfer/dom.go:185.9,185.29 1 1
github.com/dwoolworth/gosurfer/dom.go:185.29,188.18 2 1
github.com/dwoolworth/gosurfer/dom.go:188.18,190.5 1 1
github.com/dwoolworth/gosurfer/dom.go:194.2,194.19 1 1
github.com/dwoolworth/gosurfer/dom.go:206.44,211.21 4 1
github.com/dwoolworth/gosurfer/dom.go:211.21,213.3 1 1
github.com/dwoolworth/gosurfer/dom.go:214.2,214.10 1 1
github.com/dwoolworth/gosurfer/drag.go:11.49,14.16 2 1
github.com/dwoolworth/gosurfer/drag.go:14.16,16.3 1 0
github.com/dwoolworth/gosurfer/drag.go:17.2,22.16 4 1
github.com/dwoolworth/gosurfer/drag.go:22.16,24.3 1 0
github.com/dwoolworth/gosurfer/drag.go:25.2,28.56 3 1
github.com/dwoolworth/gosurfer/drag.go:32.57,34.16 2 1
github.com/dwoolworth/gosurfer/drag.go:34.16,36.3 1 0
github.com/dwoolworth/gosurfer/drag.go:37.2,40.50 3 1
github.com/dwoolworth/gosurfer/drag.go:44.63,46.2 1 1
github.com/dwoolworth/gosurfer/drag.go:50.69,54.70 2 1
github.com/dwoolworth/gosurfer/drag.go:54.70,56.3 1 0
github.com/dwoolworth/gosurfer/drag.go:57.2,60.66 2 1
github.com/dwoolworth/gosurfer/drag.go:60.66,62.3 1 0
github.com/dwoolworth/gosurfer/drag.go:63.2,66.74 2 1
github.com/dwoolworth/gosurfer/drag.go:66.74,68.3 1 0
github.com/dwoolworth/gosurfer/drag.go:69.2,72.64 2 1
github.com/dwoolworth/gosurfer/drag.go:72.64,74.3 1 0
github.com/dwoolworth/gosurfer/drag.go:76.2,76.12 1 1
github.com/dwoolworth/gosurfer/element.go:27.33,28.47 1 1
github.com/dwoolworth/gosurfer/element.go:28.47,30.3 1 0
github.com/dwoolworth/gosurfer/element.go:31.2,31.51 1 1
github.com/dwoolworth/gosurfer/element.go:35.39,36.47 1 1
github.com/dwoolworth/gosurfer/element.go:36.47,38.3 1 0
github.com/dwoolworth/gosurfer/element.go:39.2,39.51 1 1
github.com/dwoolworth/gosurfer/element.go:43.43,45.2 1 1
github.com/dwoolworth/gosurfer/element.go:48.33,50.2 1 1
github.com/dwoolworth/gosurfer/element.go:53.51,54.34 1 1
github.com/dwoolworth/gosurfer/element.go:54.34,56.3 1 0
github.com/dwoolworth/gosurfer/element.go:58.2,58.67 1 1
github.com/dwoolworth/gosurfer/element.go:58.67,60.3 1 0
github.com/dwoolworth/gosurfer/element.go:61.2,61.21 1 1
github.com/dwoolworth/gosurfer/element.go:65.42,67.2 1 1
github.com/dwoolworth/gosurfer/element.go:70.42,72.2 1 1
github.com/dwoolworth/gosurfer/element.go:75.58,77.16 2 1
github.com/dwoolworth/gosurfer/element.go:77.16,79.3 1 0
github.com/dwoolworth/gosurfer/element.go:80.2,80.17 1 1
github.com/dwoolworth/gosurfer/element.go:80.17,82.3 1 0
github.com/dwoolworth/gosurfer/element.go:83.2,83.19 1 1
github.com/dwoolworth/gosurfer/element.go:87.43,89.16 2 1
github.com/dwoolworth/gosurfer/element.go:89.16,91.3 1 0
github.com/dwoolworth/gosurfer/element.go:92.2,92.21 1 1
github.com/dwoolworth/gosurfer/element.go:96.42,98.2 1 1
github.com/dwoolworth/gosurfer/element.go:101.48,103.16 2 1
github.com/dwoolworth/gosurfer/element.go:103.16,105.3 1 0
github.com/dwoolworth/gosurfer/element.go:106.2,106.17 1 1
github.com/dwoolworth/gosurfer/element.go:110.48,112.16 2 1
github.com/dwoolworth/gosurfer/element.go:112.16,114.3 1 0
github.com/dwoolworth/gosurfer/element.go:115.2,121.8 2 1
github.com/dwoolworth/gosurfer/element.go:125.55,127.2 1 1
github.com/dwoolworth/gosurfer/element.go:130.63,132.2 1 0
github.com/dwoolworth/gosurfer/element.go:135.53,137.2 1 0
github.com/dwoolworth/gosurfer/element.go:140.33,142.2 1 1
github.com/dwoolworth/gosurfer/element.go:145.33,147.2 1 1
github.com/dwoolworth/gosurfer/element.go:150.39,152.2 1 1
github.com/dwoolworth/gosurfer/element.go:155.38,157.2 1 1
github.com/dwoolworth/gosurfer/element.go:161.42,163.16 2 1
github.com/dwoolworth/gosurfer/element.go:163.16,165.3 1 0
github.com/dwoolworth/gosurfer/element.go:166.2,168.16 3 1
github.com/dwoolworth/gosurfer/element.go:172.50,174.16 2 1
github.com/dwoolworth/gosurfer/element.go:174.16,176.3 1 0
github.com/dwoolworth/gosurfer/element.go:177.2,177.47 1 1
github.com/dwoolworth/gosurfer/element.go:181.38,183.2 1 0
github.com/dwoolworth/gosurfer/har.go:26.40,38.43 3 1
github.com/dwoolworth/gosurfer/har.go:38.43,40.4 1 1
github.com/dwoolworth/gosurfer/har.go:41.42,43.4 1 1
github.com/dwoolworth/gosurfer/har.go:44.41,46.4 1 1
github.com/dwoolworth/gosurfer/har.go:47.39,49.4 1 0
github.com/dwoolworth/gosurfer/har.go:52.2,52.12 1 1
github.com/dwoolworth/gosurfer/har.go:56.50,72.2 4 1
github.com/dwoolworth/gosurfer/har.go:75.39,79.2 3 1
github.com/dwoolworth/gosurfer/har.go:81.70,86.43 4 1
github.com/dwoolworth/gosurfer/har.go:86.43,88.3 1 1
github.com/dwoolworth/gosurfer/har.go:90.2,105.34 2 1
github.com/dwoolworth/gosurfer/har.go:108.70,113.9 4 1
github.com/dwoolworth/gosurfer/har.go:113.9,115.3 1 0
github.com/dwoolworth/gosurfer/har.go:117.2,118.44 2 1
github.com/dwoolworth/gosurfer/har.go:118.44,120.3 1 1
github.com/dwoolworth/gosurfer/har.go:122.2,136.30 2 1
github.com/dwoolworth/gosurfer/har.go:136.30,145.3 1 1
github.com/dwoolworth/gosurfer/har.go:148.69,153.9 4 1
github.com/dwoolworth/gosurfer/har.go:153.9,155.3 1 0
github.com/dwoolworth/gosurfer/har.go:157.2,162.34 5 1
github.com/dwoolworth/gosurfer/har.go:165.65,170.9 4 0
github.com/dwoolworth/gosurfer/har.go:170.9,172.3 1 0
github.com/dwoolworth/gosurfer/har.go:174.2,181.34 4 0
github.com/dwoolworth/gosurfer/har.go:184.57,186.32 2 1
github.com/dwoolworth/gosurfer/har.go:186.32,209.3 1 1
github.com/dwoolworth/gosurfer/har.go:210.2,210.12 1 1
github.com/dwoolworth/gosurfer/llm.go:38.49,43.2 1 1
github.com/dwoolworth/gosurfer/llm.go:46.85,54.2 1 1
github.com/dwoolworth/gosurfer/llm.go:79.38,80.29 1 1
github.com/dwoolworth/gosurfer/llm.go:80.29,80.48 1 1
github.com/dwoolworth/gosurfer/llm.go:84.44,85.29 1 1
github.com/dwoolworth/gosurfer/llm.go:85.29,85.50 1 1
github.com/dwoolworth/gosurfer/llm.go:89.32,90.29 1 1
github.com/dwoolworth/gosurfer/llm.go:90.29,90.50 1 1
github.com/dwoolworth/gosurfer/llm.go:104.54,111.2 1 1
github.com/dwoolworth/gosurfer/llm.go:114.73,121.2 1 1
github.com/dwoolworth/gosurfer/llm.go:123.40,123.70 1 1
github.com/dwoolworth/gosurfer/llm.go:125.129,127.27 2 1
github.com/dwoolworth/gosurfer/llm.go:127.27,129.3 1 0
github.com/dwoolworth/gosurfer/llm.go:132.2,138.18 2 1
github.com/dwoolworth/gosurfer/llm.go:138.18,140.3 1 0
github.com/dwoolworth/gosurfer/llm.go:142.2,143.16 2 1
github.com/dwoolworth/gosurfer/llm.go:143.16,145.3 1 0
github.com/dwoolworth/gosurfer/llm.go:147.2,148.16 2 1
github.com/dwoolworth/gosurfer/llm.go:148.16,150.3 1 0
github.com/dwoolworth/gosurfer/llm.go:151.2,152.20 2 1
github.com/dwoolworth/gosurfer/llm.go:152.20,154.3 1 1
github.com/dwoolworth/gosurfer/llm.go:156.2,157.16 2 1
github.com/dwoolworth/gosurfer/llm.go:157.16,159.3 1 0
github.com/dwoolworth/gosurfer/llm.go:160.2,160.15 1 1
github.com/dwoolworth/gosurfer/llm.go:160.15,160.40 1 1
github.com/dwoolworth/gosurfer/llm.go:162.2,163.16 2 1
github.com/dwoolworth/gosurfer/llm.go:163.16,165.3 1 0
github.com/dwoolworth/gosurfer/llm.go:167.2,167.28 1 1
github.com/dwoolworth/gosurfer/llm.go:167.28,169.3 1 1
github.com/dwoolworth/gosurfer/llm.go:171.2,172.58 2 1
github.com/dwoolworth/gosurfer/llm.go:172.58,174.3 1 0
github.com/dwoolworth/gosurfer/llm.go:176.2,176.30 1 1
github.com/dwoolworth/gosurfer/llm.go:176.30,178.3 1 0
github.com/dwoolworth/gosurfer/llm.go:180.2,187.8 1 1
github.com/dwoolworth/gosurfer/llm.go:190.79,192.31 2 1
github.com/dwoolworth/gosurfer/llm.go:192.31,193.61 1 1
github.com/dwoolworth/gosurfer/llm.go:193.61,198.4 1 1
github.com/dwoolworth/gosurfer/llm.go:198.9,200.37 2 1
github.com/dwoolworth/gosurfer/llm.go:200.37,201.22 1 1
github.com/dwoolworth/gosurfer/llm.go:202.17,206.8 1 1
github.com/dwoolworth/gosurfer/llm.go:207.18,209.20 2 1
github.com/dwoolworth/gosurfer/llm.go:209.20,211.7 1 0
github.com/dwoolworth/gosurfer/llm.go:212.6,218.8 1 1
github.com/dwoolworth/gosurfer/llm.go:221.4,224.6 1 1
github.com/dwoolworth/gosurfer/llm.go:227.2,227.15 1 1
github.com/dwoolworth/gosurfer/llm.go:254.60,261.2 1 1
github.com/dwoolworth/gosurfer/llm.go:263.43,263.76 1 1
github.com/dwoolworth/gosurfer/llm.go:265.132,267.27 2 1
github.com/dwoolworth/gosurfer/llm.go:267.27,269.3 1 0
github.com/dwoolworth/gosurfer/llm.go:272.2,274.31 3 1
github.com/dwoolworth/gosurfer/llm.go:274.31,275.27 1 1
github.com/dwoolworth/gosurfer/llm.go:275.27,276.37 1 1
github.com/dwoolworth/gosurfer/llm.go:276.37,277.28 1 1
github.com/dwoolworth/gosurfer/llm.go:277.28,279.6 1 1
github.com/dwoolworth/gosurfer/llm.go:281.9,283.4 1 1
github.com/dwoolworth/gosurfer/llm.go:286.2,292.22 2 1
github.com/dwoolworth/gosurfer/llm.go:292.22,294.3 1 1
github.com/dwoolworth/gosurfer/llm.go:296.2,297.16 2 1
github.com/dwoolworth/gosurfer/llm.go:297.16,299.3 1 0
github.com/dwoolworth/gosurfer/llm.go:301.2,302.16 2 1
github.com/dwoolworth/gosurfer/llm.go:302.16,304.3 1 0
github.com/dwoolworth/gosurfer/llm.go:305.2,310.16 5 1
github.com/dwoolworth/gosurfer/llm.go:310.16,312.3 1 0
github.com/dwoolworth/gosurfer/llm.go:313.2,313.15 1 1
github.com/dwoolworth/gosurfer/llm.go:313.15,313.40 1 1
github.com/dwoolworth/gosurfer/llm.go:315.2,316.16 2 1
github.com/dwoolworth/gosurfer/llm.go:316.16,318.3 1 0
github.com/dwoolworth/gosurfer/llm.go:320.2,320.28 1 1
github.com/dwoolworth/gosurfer/llm.go:320.28,322.3 1 0
github.com/dwoolworth/gosurfer/llm.go:324.2,325.58 2 1
github.com/dwoolworth/gosurfer/llm.go:325.58,327.3 1 0
github.com/dwoolworth/gosurfer/llm.go:329.2,330.39 2 1
github.com/dwoolworth/gosurfer/llm.go:330.39,331.27 1 1
github.com/dwoolworth/gosurfer/llm.go:331.27,333.4 1 1
github.com/dwoolworth/gosurfer/llm.go:336.2,343.8 1 1
github.com/dwoolworth/gosurfer/llm.go:346.82,348.31 2 1
github.com/dwoolworth/gosurfer/llm.go:348.31,349.61 1 1
github.com/dwoolworth/gosurfer/llm.go:349.61,356.4 1 1
github.com/dwoolworth/gosurfer/llm.go:356.9,358.37 2 1
github.com/dwoolworth/gosurfer/llm.go:358.37,359.22 1 1
github.com/dwoolworth/gosurfer/llm.go:360.17,364.8 1 1
github.com/dwoolworth/gosurfer/llm.go:365.18,367.20 2 1
github.com/dwoolworth/gosurfer/llm.go:367.20,369.7 1 0
github.com/dwoolworth/gosurfer/llm.go:370.6,377.8 1 1
github.com/dwoolworth/gosurfer/llm.go:380.4,383.6 1 1
github.com/dwoolworth/gosurfer/llm.go:386.2,386.15 1 1
github.com/dwoolworth/gosurfer/llm.go:403.46,405.2 1 1
github.com/dwoolworth/gosurfer/network.go:25.43,27.2 1 0
github.com/dwoolworth/gosurfer/network.go:30.46,32.2 1 0
github.com/dwoolworth/gosurfer/network.go:35.56,37.2 1 0
github.com/dwoolworth/gosurfer/network.go:40.44,42.2 1 0
github.com/dwoolworth/gosurfer/network.go:45.41,47.2 1 0
github.com/dwoolworth/gosurfer/network.go:50.38,52.2 1 0
github.com/dwoolworth/gosurfer/network.go:55.86,56.26 1 0
github.com/dwoolworth/gosurfer/network.go:56.26,58.3 1 0
github.com/dwoolworth/gosurfer/network.go:59.2,59.33 1 0
github.com/dwoolworth/gosurfer/network.go:70.48,76.2 2 1
github.com/dwoolworth/gosurfer/network.go:79.116,81.80 2 1
github.com/dwoolworth/gosurfer/network.go:81.80,83.3 1 0
github.com/dwoolworth/gosurfer/network.go:84.2,84.11 1 1
github.com/dwoolworth/gosurfer/network.go:89.85,90.35 1 1
github.com/dwoolworth/gosurfer/network.go:90.35,91.81 1 1
github.com/dwoolworth/gosurfer/network.go:91.81,93.4 1 0
github.com/dwoolworth/gosurfer/network.go:95.2,95.11 1 1
github.com/dwoolworth/gosurfer/network.go:99.39,101.2 1 1
github.com/dwoolworth/gosurfer/network.go:104.44,106.2 1 1
github.com/dwoolworth/gosurfer/page.go:22.43,23.44 1 1
github.com/dwoolworth/gosurfer/page.go:23.44,25.3 1 0
github.com/dwoolworth/gosurfer/page.go:26.2,26.25 1 1
github.com/dwoolworth/gosurfer/page.go:30.29,32.2 1 1
github.com/dwoolworth/gosurfer/page.go:35.32,37.2 1 1
github.com/dwoolworth/gosurfer/page.go:40.31,42.2 1 1
github.com/dwoolworth/gosurfer/page.go:45.29,47.16 2 1
github.com/dwoolworth/gosurfer/page.go:47.16,49.3 1 0
github.com/dwoolworth/gosurfer/page.go:50.2,50.17 1 1
github.com/dwoolworth/gosurfer/page.go:54.40,56.16 2 1
github.com/dwoolworth/gosurfer/page.go:56.16,58.3 1 0
github.com/dwoolworth/gosurfer/page.go:59.2,59.24 1 1
github.com/dwoolworth/gosurfer/page.go:63.39,65.2 1 1
github.com/dwoolworth/gosurfer/page.go:68.59,70.16 2 1
github.com/dwoolworth/gosurfer/page.go:70.16,72.3 1 0
github.com/dwoolworth/gosurfer/page.go:73.2,73.40 1 1
github.com/dwoolworth/gosurfer/page.go:77.62,79.16 2 1
github.com/dwoolworth/gosurfer/page.go:79.16,81.3 1 0
github.com/dwoolworth/gosurfer/page.go:82.2,83.25 2 1
github.com/dwoolworth/gosurfer/page.go:83.25,85.3 1 1
github.com/dwoolworth/gosurfer/page.go:86.2,86.20 1 1
github.com/dwoolworth/gosurfer/page.go:90.63,92.16 2 1
github.com/dwoolworth/gosurfer/page.go:92.16,94.3 1 0
github.com/dwoolworth/gosurfer/page.go:95.2,95.40 1 1
github.com/dwoolworth/gosurfer/page.go:99.45,101.16 2 1
github.com/dwoolworth/gosurfer/page.go:101.16,103.3 1 0
github.com/dwoolworth/gosurfer/page.go:104.2,104.19 1 1
github.com/dwoolworth/gosurfer/page.go:108.50,110.16 2 1
github.com/dwoolworth/gosurfer/page.go:110.16,112.3 1 0
github.com/dwoolworth/gosurfer/page.go:113.2,113.22 1 1
github.com/dwoolworth/gosurfer/page.go:117.54,119.16 2 1
github.com/dwoolworth/gosurfer/page.go:119.16,121.3 1 0
github.com/dwoolworth/gosurfer/page.go:122.2,122.18 1 1
github.com/dwoolworth/gosurfer/page.go:126.45,131.2 1 1
github.com/dwoolworth/gosurfer/page.go:134.49,139.2 1 1
github.com/dwoolworth/gosurfer/page.go:142.60,148.2 2 1
github.com/dwoolworth/gosurfer/page.go:151.38,155.16 2 1
github.com/dwoolworth/gosurfer/page.go:155.16,157.3 1 0
github.com/dwoolworth/gosurfer/page.go:158.2,158.15 1 1
github.com/dwoolworth/gosurfer/page.go:158.15,158.37 1 1
github.com/dwoolworth/gosurfer/page.go:159.2,159.27 1 1
github.com/dwoolworth/gosurfer/page.go:163.74,165.16 2 1
github.com/dwoolworth/gosurfer/page.go:165.16,167.3 1 0
github.com/dwoolworth/gosurfer/page.go:168.2,168.32 1 1
github.com/dwoolworth/gosurfer/page.go:174.45,176.2 1 1
github.com/dwoolworth/gosurfer/page.go:179.39,182.2 2 1
github.com/dwoolworth/gosurfer/page.go:185.36,188.2 2 1
github.com/dwoolworth/gosurfer/page.go:191.33,193.2 1 1
github.com/dwoolworth/gosurfer/page.go:196.54,198.2 1 1
github.com/dwoolworth/gosurfer/page.go:201.57,203.2 1 1
github.com/dwoolworth/gosurfer/page.go:206.64,208.16 2 1
github.com/dwoolworth/gosurfer/page.go:208.16,210.3 1 0
github.com/dwoolworth/gosurfer/page.go:211.2,211.40 1 1
github.com/dwoolworth/gosurfer/page.go:216.46,218.2 1 1
github.com/dwoolworth/gosurfer/page.go:221.60,223.16 2 1
github.com/dwoolworth/gosurfer/page.go:223.16,225.3 1 0
github.com/dwoolworth/gosurfer/page.go:226.2,227.16 2 1
github.com/dwoolworth/gosurfer/page.go:227.16,229.3 1 0
github.com/dwoolworth/gosurfer/page.go:230.2,231.19 2 1
github.com/dwoolworth/gosurfer/page.go:235.46,237.2 1 1
github.com/dwoolworth/gosurfer/page.go:251.104,253.24 2 0
github.com/dwoolworth/gosurfer/page.go:253.24,261.3 2 0
github.com/dwoolworth/gosurfer/page.go:262.2,262.54 1 0
github.com/dwoolworth/gosurfer/page.go:262.54,267.3 1 0
github.com/dwoolworth/gosurfer/page.go:268.2,268.8 1 0
github.com/dwoolworth/gosurfer/page.go:274.44,276.12 2 1
github.com/dwoolworth/gosurfer/page.go:276.12,277.7 1 1
github.com/dwoolworth/gosurfer/page.go:277.7,278.11 1 1
github.com/dwoolworth/gosurfer/page.go:279.22,280.11 1 0
github.com/dwoolworth/gosurfer/page.go:281.12,281.12 0 1
github.com/dwoolworth/gosurfer/page.go:283.4,286.60 4 1
github.com/dwoolworth/gosurfer/page.go:289.2,289.15 1 1
github.com/dwoolworth/gosurfer/page.go:296.50,298.31 2 0
github.com/dwoolworth/gosurfer/page.go:298.31,303.3 4 0
github.com/dwoolworth/gosurfer/page.go:309.42,311.16 2 1
github.com/dwoolworth/gosurfer/page.go:311.16,313.3 1 0
github.com/dwoolworth/gosurfer/page.go:314.2,315.33 2 1
github.com/dwoolworth/gosurfer/page.go:315.33,317.17 2 1
github.com/dwoolworth/gosurfer/page.go:317.17,318.12 1 0
github.com/dwoolworth/gosurfer/page.go:320.3,322.30 3 1
github.com/dwoolworth/gosurfer/page.go:324.2,324.20 1 1
github.com/dwoolworth/gosurfer/page.go:332.71,334.16 2 0
github.com/dwoolworth/gosurfer/page.go:334.16,336.3 1 0
github.com/dwoolworth/gosurfer/page.go:337.2,337.36 1 0
github.com/dwoolworth/gosurfer/page.go:337.36,339.3 1 0
github.com/dwoolworth/gosurfer/page.go:346.34,348.18 2 1
github.com/dwoolworth/gosurfer/page.go:348.18,350.3 1 1
github.com/dwoolworth/gosurfer/page.go:351.2,351.12 1 0
github.com/dwoolworth/gosurfer/page.go:355.32,357.2 1 1
github.com/dwoolworth/gosurfer/page.go:360.30,362.2 1 1
github.com/dwoolworth/gosurfer/page.go:365.32,367.2 1 0
github.com/dwoolworth/gosurfer/prompt.go:9.69,45.43 5 1
github.com/dwoolworth/gosurfer/prompt.go:45.43,47.29 2 1
github.com/dwoolworth/gosurfer/prompt.go:47.29,49.36 2 1
github.com/dwoolworth/gosurfer/prompt.go:49.36,51.19 2 1
github.com/dwoolworth/gosurfer/prompt.go:51.19,53.6 1 1
github.com/dwoolworth/gosurfer/prompt.go:54.5,54.88 1 1
github.com/dwoolworth/gosurfer/prompt.go:59.2,68.19 2 1
github.com/dwoolworth/gosurfer/stealth.go:10.34,13.2 2 1
github.com/dwoolworth/gosurfer/stealth.go:16.45,22.2 1 1
github.com/dwoolworth/gosurfer/stealth.go:25.32,27.2 1 1
github.com/dwoolworth/gosurfer/stealth.go:30.43,37.2 2 1
github.com/dwoolworth/gosurfer/storage.go:24.47,26.16 2 1
github.com/dwoolworth/gosurfer/storage.go:26.16,28.3 1 0
github.com/dwoolworth/gosurfer/storage.go:29.2,30.32 2 1
github.com/dwoolworth/gosurfer/storage.go:30.32,41.3 1 1
github.com/dwoolworth/gosurfer/storage.go:42.2,42.21 1 1
github.com/dwoolworth/gosurfer/storage.go:46.55,48.16 2 1
github.com/dwoolworth/gosurfer/storage.go:48.16,50.3 1 0
github.com/dwoolworth/gosurfer/storage.go:51.2,51.28 1 1
github.com/dwoolworth/gosurfer/storage.go:51.28,52.21 1 1
github.com/dwoolworth/gosurfer/storage.go:52.21,54.4 1 1
github.com/dwoolworth/gosurfer/storage.go:56.2,56.16 1 1
github.com/dwoolworth/gosurfer/storage.go:60.66,61.16 1 1
github.com/dwoolworth/gosurfer/storage.go:61.16,63.3 1 1
github.com/dwoolworth/gosurfer/storage.go:65.2,65.18 1 1
github.com/dwoolworth/gosurfer/storage.go:65.18,69.17 2 1
github.com/dwoolworth/gosurfer/storage.go:69.17,71.4 1 0
github.com/dwoolworth/gosurfer/storage.go:72.3,74.47 2 1
github.com/dwoolworth/gosurfer/storage.go:74.47,76.4 1 1
github.com/dwoolworth/gosurfer/storage.go:76.9,78.4 1 0
github.com/dwoolworth/gosurfer/storage.go:81.2,87.16 2 1
github.com/dwoolworth/gosurfer/storage.go:87.16,89.3 1 0
github.com/dwoolworth/gosurfer/storage.go:90.2,90.12 1 1
github.com/dwoolworth/gosurfer/storage.go:94.51,96.28 2 1
github.com/dwoolworth/gosurfer/storage.go:96.28,105.20 2 1
github.com/dwoolworth/gosurfer/storage.go:105.20,107.4 1 0
github.com/dwoolworth/gosurfer/storage.go:110.2,110.61 1 1
github.com/dwoolworth/gosurfer/storage.go:114.49,117.16 2 1
github.com/dwoolworth/gosurfer/storage.go:117.16,119.3 1 0
github.com/dwoolworth/gosurfer/storage.go:120.2,121.57 2 1
github.com/dwoolworth/gosurfer/storage.go:121.57,123.3 1 1
github.com/dwoolworth/gosurfer/storage.go:124.2,124.75 1 1
github.com/dwoolworth/gosurfer/storage.go:128.37,130.16 2 1
github.com/dwoolworth/gosurfer/storage.go:130.16,132.3 1 0
github.com/dwoolworth/gosurfer/storage.go:133.2,133.28 1 1
github.com/dwoolworth/gosurfer/storage.go:133.28,139.44 2 1
github.com/dwoolworth/gosurfer/storage.go:139.44,141.4 1 0
github.com/dwoolworth/gosurfer/storage.go:143.2,143.12 1 1
github.com/dwoolworth/gosurfer/storage.go:149.60,151.16 2 1
github.com/dwoolworth/gosurfer/storage.go:151.16,153.3 1 0
github.com/dwoolworth/gosurfer/storage.go:154.2,154.24 1 1
github.com/dwoolworth/gosurfer/storage.go:154.24,156.3 1 1
github.com/dwoolworth/gosurfer/storage.go:157.2,157.32 1 1
github.com/dwoolworth/gosurfer/storage.go:161.57,163.16 2 1
github.com/dwoolworth/gosurfer/storage.go:163.16,165.3 1 0
github.com/dwoolworth/gosurfer/storage.go:166.2,166.12 1 1
github.com/dwoolworth/gosurfer/storage.go:170.53,173.2 2 1
github.com/dwoolworth/gosurfer/storage.go:176.42,179.2 2 1
github.com/dwoolworth/gosurfer/storage.go:182.61,191.16 2 1
github.com/dwoolworth/gosurfer/storage.go:191.16,193.3 1 0
github.com/dwoolworth/gosurfer/storage.go:195.2,196.75 2 1
github.com/dwoolworth/gosurfer/storage.go:196.75,198.3 1 0
github.com/dwoolworth/gosurfer/storage.go:199.2,199.19 1 1
github.com/dwoolworth/gosurfer/storage.go:203.62,205.16 2 1
github.com/dwoolworth/gosurfer/storage.go:205.16,207.3 1 0
github.com/dwoolworth/gosurfer/storage.go:208.2,208.24 1 1
github.com/dwoolworth/gosurfer/storage.go:208.24,210.3 1 0
github.com/dwoolworth/gosurfer/storage.go:211.2,211.32 1 1
github.com/dwoolworth/gosurfer/storage.go:215.59,218.2 2 1
github.com/dwoolworth/gosurfer/totp.go:15.50,22.38 4 1
github.com/dwoolworth/gosurfer/totp.go:22.38,24.3 1 1
github.com/dwoolworth/gosurfer/totp.go:26.2,27.16 2 1
github.com/dwoolworth/gosurfer/totp.go:27.16,29.3 1 1
github.com/dwoolworth/gosurfer/totp.go:31.2,31.50 1 1
github.com/dwoolworth/gosurfer/totp.go:35.65,39.38 4 1
github.com/dwoolworth/gosurfer/totp.go:39.38,41.3 1 0
github.com/dwoolworth/gosurfer/totp.go:43.2,44.16 2 1
github.com/dwoolworth/gosurfer/totp.go:44.16,46.3 1 0
github.com/dwoolworth/gosurfer/totp.go:48.2,48.41 1 1
github.com/dwoolworth/gosurfer/totp.go:51.58,70.2 10 1
github.com/dwoolworth/gosurfer/totp.go:80.50,82.2 1 1
github.com/dwoolworth/gosurfer/totp.go:86.51,88.9 2 1
github.com/dwoolworth/gosurfer/totp.go:88.9,90.3 1 1
github.com/dwoolworth/gosurfer/totp.go:92.2,92.37 1 1
github.com/dwoolworth/gosurfer/totp.go:92.37,94.3 1 1
github.com/dwoolworth/gosurfer/totp.go:96.2,96.17 1 1
github.com/dwoolworth/gosurfer/totp.go:100.40,103.2 2 1
github.com/dwoolworth/gosurfer/totp.go:106.35,108.24 2 1
github.com/dwoolworth/gosurfer/totp.go:108.24,110.3 1 1
github.com/dwoolworth/gosurfer/totp.go:111.2,111.13 1 1
github.com/dwoolworth/gosurfer/totp.go:116.53,117.26 1 1
github.com/dwoolworth/gosurfer/totp.go:117.26,119.42 2 1
github.com/dwoolworth/gosurfer/totp.go:119.42,121.18 2 1
github.com/dwoolworth/gosurfer/totp.go:121.18,123.5 1 1
github.com/dwoolworth/gosurfer/totp.go:126.2,126.13 1 1
