mode: set
github.com/dwoolworth/gosurfer/action.go:45.42,49.2 1 0
github.com/dwoolworth/gosurfer/action.go:52.54,55.2 2 0
github.com/dwoolworth/gosurfer/action.go:58.62,61.2 2 0
github.com/dwoolworth/gosurfer/action.go:64.49,66.31 2 0
github.com/dwoolworth/gosurfer/action.go:66.31,67.35 1 0
github.com/dwoolworth/gosurfer/action.go:67.35,69.4 1 0
github.com/dwoolworth/gosurfer/action.go:71.2,71.15 1 0
github.com/dwoolworth/gosurfer/action.go:75.39,275.2 23 0
github.com/dwoolworth/gosurfer/action.go:279.105,281.15 2 0
github.com/dwoolworth/gosurfer/action.go:281.15,283.3 1 0
github.com/dwoolworth/gosurfer/action.go:284.2,284.46 1 0
github.com/dwoolworth/gosurfer/action.go:284.46,286.3 1 0
github.com/dwoolworth/gosurfer/action.go:287.2,287.49 1 0
github.com/dwoolworth/gosurfer/action.go:290.102,292.37 1 0
github.com/dwoolworth/gosurfer/action.go:292.37,293.38 1 0
github.com/dwoolworth/gosurfer/action.go:293.38,295.18 2 0
github.com/dwoolworth/gosurfer/action.go:295.18,297.5 1 0
github.com/dwoolworth/gosurfer/action.go:298.4,299.18 2 0
github.com/dwoolworth/gosurfer/action.go:299.18,301.5 1 0
github.com/dwoolworth/gosurfer/action.go:302.4,302.76 1 0
github.com/dwoolworth/gosurfer/action.go:302.76,304.5 1 0
github.com/dwoolworth/gosurfer/action.go:305.4,305.81 1 0
github.com/dwoolworth/gosurfer/action.go:305.81,307.5 1 0
github.com/dwoolworth/gosurfer/action.go:308.4,309.72 2 0
github.com/dwoolworth/gosurfer/action.go:314.2,315.16 2 0
github.com/dwoolworth/gosurfer/action.go:315.16,317.3 1 0
github.com/dwoolworth/gosurfer/action.go:318.2,319.9 2 0
github.com/dwoolworth/gosurfer/action.go:319.9,321.3 1 0
github.com/dwoolworth/gosurfer/action.go:323.2,324.16 2 0
github.com/dwoolworth/gosurfer/action.go:324.16,326.3 1 0
github.com/dwoolworth/gosurfer/action.go:327.2,328.40 2 0
github.com/dwoolworth/gosurfer/action.go:328.40,330.3 1 0
github.com/dwoolworth/gosurfer/action.go:331.2,332.67 2 0
github.com/dwoolworth/gosurfer/action.go:335.101,337.16 2 0
github.com/dwoolworth/gosurfer/action.go:337.16,339.3 1 0
github.com/dwoolworth/gosurfer/action.go:340.2,341.16 2 0
github.com/dwoolworth/gosurfer/action.go:341.16,343.3 1 0
github.com/dwoolworth/gosurfer/action.go:346.2,346.48 1 0
github.com/dwoolworth/gosurfer/action.go:346.48,348.3 1 0
github.com/dwoolworth/gosurfer/action.go:350.2,351.9 2 0
github.com/dwoolworth/gosurfer/action.go:351.9,353.3 1 0
github.com/dwoolworth/gosurfer/action.go:355.2,356.16 2 0
github.com/dwoolworth/gosurfer/action.go:356.16,358.3 1 0
github.com/dwoolworth/gosurfer/action.go:359.2,363.41 3 0
github.com/dwoolworth/gosurfer/action.go:363.41,365.3 1 0
github.com/dwoolworth/gosurfer/action.go:366.2,366.17 1 0
github.com/dwoolworth/gosurfer/action.go:366.17,368.3 1 0
github.com/dwoolworth/gosurfer/action.go:370.2,370.43 1 0
github.com/dwoolworth/gosurfer/action.go:370.43,372.3 1 0
github.com/dwoolworth/gosurfer/action.go:373.2,373.66 1 0
github.com/dwoolworth/gosurfer/action.go:376.103,379.51 3 0
github.com/dwoolworth/gosurfer/action.go:379.51,381.3 1 0
github.com/dwoolworth/gosurfer/action.go:383.2,384.23 2 0
github.com/dwoolworth/gosurfer/action.go:384.23,386.3 1 0
github.com/dwoolworth/gosurfer/action.go:388.2,388.46 1 0
github.com/dwoolworth/gosurfer/action.go:388.46,390.3 1 0
github.com/dwoolworth/gosurfer/action.go:391.2,391.72 1 0
github.com/dwoolworth/gosurfer/action.go:394.103,396.17 2 0
github.com/dwoolworth/gosurfer/action.go:396.17,398.3 1 0
github.com/dwoolworth/gosurfer/action.go:399.2,400.18 2 0
github.com/dwoolworth/gosurfer/action.go:400.18,402.3 1 0
github.com/dwoolworth/gosurfer/action.go:404.2,405.16 2 0
github.com/dwoolworth/gosurfer/action.go:406.16,407.51 1 0
github.com/dwoolworth/gosurfer/action.go:408.20,409.45 1 0
github.com/dwoolworth/gosurfer/action.go:410.14,411.49 1 0
github.com/dwoolworth/gosurfer/action.go:412.10,413.51 1 0
github.com/dwoolworth/gosurfer/action.go:416.2,416.46 1 0
github.com/dwoolworth/gosurfer/action.go:416.46,418.3 1 0
github.com/dwoolworth/gosurfer/action.go:419.2,419.61 1 0
github.com/dwoolworth/gosurfer/action.go:422.98,423.39 1 0
github.com/dwoolworth/gosurfer/action.go:423.39,425.3 1 0
github.com/dwoolworth/gosurfer/action.go:426.2,426.30 1 0
github.com/dwoolworth/gosurfer/action.go:429.100,431.31 2 0
github.com/dwoolworth/gosurfer/action.go:431.31,433.3 1 0
github.com/dwoolworth/gosurfer/action.go:434.2,434.18 1 0
github.com/dwoolworth/gosurfer/action.go:434.18,436.3 1 0
github.com/dwoolworth/gosurfer/action.go:437.2,438.55 2 0
github.com/dwoolworth/gosurfer/action.go:441.102,443.16 2 0
github.com/dwoolworth/gosurfer/action.go:443.16,445.3 1 0
github.com/dwoolworth/gosurfer/action.go:446.2,446.32 1 0
github.com/dwoolworth/gosurfer/action.go:449.104,451.17 2 0
github.com/dwoolworth/gosurfer/action.go:451.17,453.3 1 0
github.com/dwoolworth/gosurfer/action.go:455.2,456.59 1 0
github.com/dwoolworth/gosurfer/action.go:459.105,461.16 2 0
github.com/dwoolworth/gosurfer/action.go:461.16,463.3 1 0
github.com/dwoolworth/gosurfer/action.go:464.2,468.16 2 0
github.com/dwoolworth/gosurfer/action.go:468.16,470.3 1 0
github.com/dwoolworth/gosurfer/action.go:471.2,471.48 1 0
github.com/dwoolworth/gosurfer/action.go:474.109,476.16 2 0
github.com/dwoolworth/gosurfer/action.go:476.16,478.3 1 0
github.com/dwoolworth/gosurfer/action.go:479.2,480.16 2 0
github.com/dwoolworth/gosurfer/action.go:480.16,482.3 1 0
github.com/dwoolworth/gosurfer/action.go:484.2,485.9 2 0
github.com/dwoolworth/gosurfer/action.go:485.9,487.3 1 0
github.com/dwoolworth/gosurfer/action.go:489.2,490.16 2 0
github.com/dwoolworth/gosurfer/action.go:490.16,492.3 1 0
github.com/dwoolworth/gosurfer/action.go:493.2,494.51 2 0
github.com/dwoolworth/gosurfer/action.go:494.51,496.3 1 0
github.com/dwoolworth/gosurfer/action.go:497.2,497.67 1 0
github.com/dwoolworth/gosurfer/action.go:500.106,502.17 2 0
github.com/dwoolworth/gosurfer/action.go:502.17,504.3 1 0
github.com/dwoolworth/gosurfer/action.go:505.2,505.23 1 0
github.com/dwoolworth/gosurfer/action.go:505.23,507.3 1 0
github.com/dwoolworth/gosurfer/action.go:509.2,510.16 2 0
github.com/dwoolworth/gosurfer/action.go:510.16,512.3 1 0
github.com/dwoolworth/gosurfer/action.go:514.2,514.26 1 0
github.com/dwoolworth/gosurfer/action.go:514.26,517.19 3 0
github.com/dwoolworth/gosurfer/action.go:517.19,519.4 1 0
github.com/dwoolworth/gosurfer/action.go:520.3,520.23 1 0
github.com/dwoolworth/gosurfer/action.go:520.23,522.18 2 0
github.com/dwoolworth/gosurfer/action.go:522.18,524.5 1 0
github.com/dwoolworth/gosurfer/action.go:525.4,527.23 3 0
github.com/dwoolworth/gosurfer/action.go:527.23,530.38 2 0
github.com/dwoolworth/gosurfer/action.go:530.38,532.6 1 0
github.com/dwoolworth/gosurfer/action.go:533.5,533.53 1 0
github.com/dwoolworth/gosurfer/action.go:535.4,535.70 1 0
github.com/dwoolworth/gosurfer/action.go:538.2,538.50 1 0
github.com/dwoolworth/gosurfer/action.go:541.105,543.17 2 0
github.com/dwoolworth/gosurfer/action.go:543.17,545.3 1 0
github.com/dwoolworth/gosurfer/action.go:546.2,546.23 1 0
github.com/dwoolworth/gosurfer/action.go:546.23,548.3 1 0
github.com/dwoolworth/gosurfer/action.go:550.2,551.16 2 0
github.com/dwoolworth/gosurfer/action.go:551.16,553.3 1 0
github.com/dwoolworth/gosurfer/action.go:555.2,555.26 1 0
github.com/dwoolworth/gosurfer/action.go:555.26,558.19 3 0
github.com/dwoolworth/gosurfer/action.go:558.19,560.4 1 0
github.com/dwoolworth/gosurfer/action.go:561.3,561.23 1 0
github.com/dwoolworth/gosurfer/action.go:561.23,562.36 1 0
github.com/dwoolworth/gosurfer/action.go:562.36,564.5 1 0
github.com/dwoolworth/gosurfer/action.go:565.4,565.51 1 0
github.com/dwoolworth/gosurfer/action.go:568.2,568.50 1 0
github.com/dwoolworth/gosurfer/action.go:571.103,573.15 2 0
github.com/dwoolworth/gosurfer/action.go:573.15,575.3 1 0
github.com/dwoolworth/gosurfer/action.go:576.2,576.23 1 0
github.com/dwoolworth/gosurfer/action.go:576.23,578.3 1 0
github.com/dwoolworth/gosurfer/action.go:580.2,581.16 2 0
github.com/dwoolworth/gosurfer/action.go:581.16,583.3 1 0
github.com/dwoolworth/gosurfer/action.go:584.2,584.43 1 0
github.com/dwoolworth/gosurfer/action.go:584.43,586.3 1 0
github.com/dwoolworth/gosurfer/action.go:589.2,589.21 1 0
github.com/dwoolworth/gosurfer/action.go:589.21,591.36 2 0
github.com/dwoolworth/gosurfer/action.go:591.36,593.4 1 0
github.com/dwoolworth/gosurfer/action.go:594.3,594.53 1 0
github.com/dwoolworth/gosurfer/action.go:597.2,597.52 1 0
github.com/dwoolworth/gosurfer/action.go:600.107,602.16 2 0
github.com/dwoolworth/gosurfer/action.go:602.16,604.3 1 0
github.com/dwoolworth/gosurfer/action.go:605.2,606.16 2 0
github.com/dwoolworth/gosurfer/action.go:606.16,608.3 1 0
github.com/dwoolworth/gosurfer/action.go:610.2,611.9 2 0
github.com/dwoolworth/gosurfer/action.go:611.9,613.3 1 0
github.com/dwoolworth/gosurfer/action.go:615.2,616.16 2 0
github.com/dwoolworth/gosurfer/action.go:616.16,618.3 1 0
github.com/dwoolworth/gosurfer/action.go:619.2,619.55 1 0
github.com/dwoolworth/gosurfer/action.go:619.55,621.3 1 0
github.com/dwoolworth/gosurfer/action.go:622.2,622.67 1 0
github.com/dwoolworth/gosurfer/action.go:625.102,627.16 2 0
github.com/dwoolworth/gosurfer/action.go:627.16,629.3 1 0
github.com/dwoolworth/gosurfer/action.go:630.2,630.23 1 0
github.com/dwoolworth/gosurfer/action.go:630.23,632.3 1 0
github.com/dwoolworth/gosurfer/action.go:633.2,634.28 2 0
github.com/dwoolworth/gosurfer/action.go:634.28,636.3 1 0
github.com/dwoolworth/gosurfer/action.go:637.2,637.85 1 0
github.com/dwoolworth/gosurfer/action.go:640.106,643.16 3 0
github.com/dwoolworth/gosurfer/action.go:643.16,645.3 1 0
github.com/dwoolworth/gosurfer/action.go:646.2,646.63 1 0
github.com/dwoolworth/gosurfer/action.go:646.63,648.3 1 0
github.com/dwoolworth/gosurfer/action.go:649.2,649.59 1 0
github.com/dwoolworth/gosurfer/action.go:652.102,654.16 2 0
github.com/dwoolworth/gosurfer/action.go:654.16,656.3 1 0
github.com/dwoolworth/gosurfer/action.go:657.2,657.21 1 0
github.com/dwoolworth/gosurfer/action.go:657.21,659.3 1 0
github.com/dwoolworth/gosurfer/action.go:660.2,661.26 2 0
github.com/dwoolworth/gosurfer/action.go:661.26,662.19 1 0
github.com/dwoolworth/gosurfer/action.go:662.19,664.4 1 0
github.com/dwoolworth/gosurfer/action.go:665.3,665.52 1 0
github.com/dwoolworth/gosurfer/action.go:667.2,667.81 1 0
github.com/dwoolworth/gosurfer/action.go:670.107,673.15 3 0
github.com/dwoolworth/gosurfer/action.go:673.15,675.3 1 0
github.com/dwoolworth/gosurfer/action.go:676.2,676.60 1 0
github.com/dwoolworth/gosurfer/action.go:676.60,678.3 1 0
github.com/dwoolworth/gosurfer/action.go:679.2,679.64 1 0
github.com/dwoolworth/gosurfer/action.go:682.101,684.16 2 0
github.com/dwoolworth/gosurfer/action.go:684.16,686.3 1 0
github.com/dwoolworth/gosurfer/action.go:687.2,688.9 2 0
github.com/dwoolworth/gosurfer/action.go:688.9,690.3 1 0
github.com/dwoolworth/gosurfer/action.go:693.2,694.16 2 0
github.com/dwoolworth/gosurfer/action.go:694.16,696.3 1 0
github.com/dwoolworth/gosurfer/action.go:697.2,700.56 2 0
github.com/dwoolworth/gosurfer/action.go:700.56,702.17 2 0
github.com/dwoolworth/gosurfer/action.go:702.17,704.4 1 0
github.com/dwoolworth/gosurfer/action.go:705.3,706.10 2 0
github.com/dwoolworth/gosurfer/action.go:706.10,708.4 1 0
github.com/dwoolworth/gosurfer/action.go:709.3,710.17 2 0
github.com/dwoolworth/gosurfer/action.go:710.17,712.4 1 0
github.com/dwoolworth/gosurfer/action.go:713.3,714.55 2 0
github.com/dwoolworth/gosurfer/action.go:714.55,716.4 1 0
github.com/dwoolworth/gosurfer/action.go:717.3,717.82 1 0
github.com/dwoolworth/gosurfer/action.go:721.2,723.32 3 0
github.com/dwoolworth/gosurfer/action.go:723.32,725.3 1 0
github.com/dwoolworth/gosurfer/action.go:726.2,726.64 1 0
github.com/dwoolworth/gosurfer/action.go:726.64,728.3 1 0
github.com/dwoolworth/gosurfer/action.go:729.2,729.84 1 0
github.com/dwoolworth/gosurfer/action.go:732.100,735.2 2 0
github.com/dwoolworth/gosurfer/action.go:739.46,740.25 1 0
github.com/dwoolworth/gosurfer/action.go:741.15,742.18 1 0
github.com/dwoolworth/gosurfer/action.go:743.11,744.27 1 0
github.com/dwoolworth/gosurfer/action.go:745.14,746.37 1 0
github.com/dwoolworth/gosurfer/action.go:747.19,748.23 1 0
github.com/dwoolworth/gosurfer/action.go:749.10,750.58 1 0
github.com/dwoolworth/gosurfer/action.go:754.40,755.25 1 0
github.com/dwoolworth/gosurfer/action.go:756.11,757.18 1 0
github.com/dwoolworth/gosurfer/action.go:758.15,759.23 1 0
github.com/dwoolworth/gosurfer/action.go:760.14,761.27 1 0
github.com/dwoolworth/gosurfer/action.go:762.19,764.21 2 0
github.com/dwoolworth/gosurfer/action.go:765.10,766.54 1 0
github.com/dwoolworth/gosurfer/agent.go:117.51,118.23 1 0
github.com/dwoolworth/gosurfer/agent.go:118.23,120.3 1 0
github.com/dwoolworth/gosurfer/agent.go:121.2,121.23 1 0
github.com/dwoolworth/gosurfer/agent.go:121.23,123.3 1 0
github.com/dwoolworth/gosurfer/agent.go:124.2,124.26 1 0
github.com/dwoolworth/gosurfer/agent.go:124.26,126.3 1 0
github.com/dwoolworth/gosurfer/agent.go:127.2,127.29 1 0
github.com/dwoolworth/gosurfer/agent.go:127.29,129.3 1 0
github.com/dwoolworth/gosurfer/agent.go:130.2,130.27 1 0
github.com/dwoolworth/gosurfer/agent.go:130.27,132.3 1 0
github.com/dwoolworth/gosurfer/agent.go:134.2,138.27 2 0
github.com/dwoolworth/gosurfer/agent.go:138.27,140.3 1 0
github.com/dwoolworth/gosurfer/agent.go:141.2,141.15 1 0
github.com/dwoolworth/gosurfer/agent.go:145.64,147.29 1 0
github.com/dwoolworth/gosurfer/agent.go:147.29,149.3 1 0
github.com/dwoolworth/gosurfer/agent.go:149.8,154.17 2 0
github.com/dwoolworth/gosurfer/agent.go:154.17,156.4 1 0
github.com/dwoolworth/gosurfer/agent.go:157.3,158.23 2 0
github.com/dwoolworth/gosurfer/agent.go:162.2,163.16 2 0
github.com/dwoolworth/gosurfer/agent.go:163.16,165.3 1 0
github.com/dwoolworth/gosurfer/agent.go:166.2,171.15 3 0
github.com/dwoolworth/gosurfer/agent.go:171.15,172.29 1 0
github.com/dwoolworth/gosurfer/agent.go:172.29,174.4 1 0
github.com/dwoolworth/gosurfer/agent.go:175.3,175.20 1 0
github.com/dwoolworth/gosurfer/agent.go:175.20,177.4 1 0
github.com/dwoolworth/gosurfer/agent.go:181.2,182.51 2 0
github.com/dwoolworth/gosurfer/agent.go:182.51,183.10 1 0
github.com/dwoolworth/gosurfer/agent.go:184.21,185.60 1 0
github.com/dwoolworth/gosurfer/agent.go:186.11,186.11 0 0
github.com/dwoolworth/gosurfer/agent.go:189.3,194.17 5 0
github.com/dwoolworth/gosurfer/agent.go:194.17,197.24 3 0
github.com/dwoolworth/gosurfer/agent.go:197.24,199.5 1 0
github.com/dwoolworth/gosurfer/agent.go:200.4,200.51 1 0
github.com/dwoolworth/gosurfer/agent.go:200.51,203.5 2 0
github.com/dwoolworth/gosurfer/agent.go:204.9,206.4 1 0
github.com/dwoolworth/gosurfer/agent.go:208.3,210.29 2 0
github.com/dwoolworth/gosurfer/agent.go:210.29,212.4 1 0
github.com/dwoolworth/gosurfer/agent.go:214.3,214.23 1 0
github.com/dwoolworth/gosurfer/agent.go:214.23,216.4 1 0
github.com/dwoolworth/gosurfer/agent.go:218.3,218.11 1 0
github.com/dwoolworth/gosurfer/agent.go:218.11,220.4 1 0
github.com/dwoolworth/gosurfer/agent.go:223.2,223.55 1 0
github.com/dwoolworth/gosurfer/agent.go:227.80,231.35 2 0
github.com/dwoolworth/gosurfer/agent.go:231.35,232.67 1 0
github.com/dwoolworth/gosurfer/agent.go:232.67,233.24 1 0
github.com/dwoolworth/gosurfer/agent.go:233.24,235.5 1 0
github.com/dwoolworth/gosurfer/agent.go:236.4,236.75 1 0
github.com/dwoolworth/gosurfer/agent.go:236.75,237.25 1 0
github.com/dwoolworth/gosurfer/agent.go:237.25,239.6 1 0
github.com/dwoolworth/gosurfer/agent.go:240.10,241.25 1 0
github.com/dwoolworth/gosurfer/agent.go:241.25,243.6 1 0
github.com/dwoolworth/gosurfer/agent.go:244.5,244.32 1 0
github.com/dwoolworth/gosurfer/agent.go:250.2,252.24 3 0
github.com/dwoolworth/gosurfer/agent.go:252.24,254.3 1 0
github.com/dwoolworth/gosurfer/agent.go:254.8,256.3 1 0
github.com/dwoolworth/gosurfer/agent.go:257.2,257.16 1 0
github.com/dwoolworth/gosurfer/agent.go:257.16,259.3 1 0
github.com/dwoolworth/gosurfer/agent.go:262.2,273.16 5 0
github.com/dwoolworth/gosurfer/agent.go:273.16,275.3 1 0
github.com/dwoolworth/gosurfer/agent.go:278.2,284.16 5 0
github.com/dwoolworth/gosurfer/agent.go:284.16,286.3 1 0
github.com/dwoolworth/gosurfer/agent.go:288.2,294.9 5 0
github.com/dwoolworth/gosurfer/agent.go:294.9,296.3 1 0
github.com/dwoolworth/gosurfer/agent.go:298.2,304.16 2 0
github.com/dwoolworth/gosurfer/agent.go:304.16,307.3 2 0
github.com/dwoolworth/gosurfer/agent.go:309.2,312.26 2 0
github.com/dwoolworth/gosurfer/agent.go:312.26,314.3 1 0
github.com/dwoolworth/gosurfer/agent.go:317.2,317.55 1 0
github.com/dwoolworth/gosurfer/agent.go:317.55,319.3 1 0
github.com/dwoolworth/gosurfer/agent.go:322.2,324.25 2 0
github.com/dwoolworth/gosurfer/agent.go:328.35,330.35 2 0
github.com/dwoolworth/gosurfer/agent.go:330.35,332.3 1 0
github.com/dwoolworth/gosurfer/agent.go:334.2,337.72 4 0
github.com/dwoolworth/gosurfer/agent.go:337.72,341.29 2 0
github.com/dwoolworth/gosurfer/agent.go:341.29,343.4 1 0
github.com/dwoolworth/gosurfer/agent.go:344.3,345.23 2 0
github.com/dwoolworth/gosurfer/agent.go:345.23,347.4 1 0
github.com/dwoolworth/gosurfer/agent.go:352.75,354.36 2 0
github.com/dwoolworth/gosurfer/agent.go:354.36,356.3 1 0
github.com/dwoolworth/gosurfer/agent.go:357.2,357.34 1 0
github.com/dwoolworth/gosurfer/agent.go:357.34,359.3 1 0
github.com/dwoolworth/gosurfer/agent.go:360.2,362.31 2 0
github.com/dwoolworth/gosurfer/agent.go:362.31,364.3 1 0
github.com/dwoolworth/gosurfer/agent.go:368.34,369.30 1 0
github.com/dwoolworth/gosurfer/agent.go:369.30,371.3 1 0
github.com/dwoolworth/gosurfer/agent.go:373.2,376.25 4 0
github.com/dwoolworth/gosurfer/agent.go:376.25,377.27 1 0
github.com/dwoolworth/gosurfer/agent.go:377.27,379.4 1 0
github.com/dwoolworth/gosurfer/agent.go:381.2,381.13 1 0
github.com/dwoolworth/gosurfer/agent.go:394.56,395.29 1 0
github.com/dwoolworth/gosurfer/agent.go:395.29,397.3 1 0
github.com/dwoolworth/gosurfer/agent.go:399.2,400.24 2 0
github.com/dwoolworth/gosurfer/agent.go:400.24,402.3 1 0
github.com/dwoolworth/gosurfer/agent.go:404.2,405.63 2 0
github.com/dwoolworth/gosurfer/agent.go:405.63,407.3 1 0
github.com/dwoolworth/gosurfer/agent.go:410.2,411.62 2 0
github.com/dwoolworth/gosurfer/agent.go:411.62,413.21 2 0
github.com/dwoolworth/gosurfer/agent.go:413.21,415.4 1 0
github.com/dwoolworth/gosurfer/agent.go:416.3,416.21 1 0
github.com/dwoolworth/gosurfer/agent.go:416.21,418.4 1 0
github.com/dwoolworth/gosurfer/agent.go:419.3,419.29 1 0
github.com/dwoolworth/gosurfer/agent.go:422.2,423.28 2 0
github.com/dwoolworth/gosurfer/agent.go:423.28,425.3 1 0
github.com/dwoolworth/gosurfer/agent.go:425.8,427.3 1 0
github.com/dwoolworth/gosurfer/agent.go:428.2,437.32 5 0
github.com/dwoolworth/gosurfer/agent.go:437.32,439.3 1 0
github.com/dwoolworth/gosurfer/agent.go:441.2,445.16 2 0
github.com/dwoolworth/gosurfer/agent.go:445.16,446.23 1 0
github.com/dwoolworth/gosurfer/agent.go:446.23,448.4 1 0
github.com/dwoolworth/gosurfer/agent.go:449.3,449.9 1 0
github.com/dwoolworth/gosurfer/agent.go:452.2,460.22 6 0
github.com/dwoolworth/gosurfer/agent.go:460.22,462.3 1 0
github.com/dwoolworth/gosurfer/agent.go:466.75,469.28 2 0
github.com/dwoolworth/gosurfer/agent.go:469.28,471.3 1 0
github.com/dwoolworth/gosurfer/agent.go:473.2,479.36 3 0
github.com/dwoolworth/gosurfer/agent.go:479.36,481.3 1 0
github.com/dwoolworth/gosurfer/agent.go:482.2,482.45 1 0
github.com/dwoolworth/gosurfer/agent.go:482.45,484.21 2 0
github.com/dwoolworth/gosurfer/agent.go:484.21,486.4 1 0
github.com/dwoolworth/gosurfer/agent.go:487.3,487.21 1 0
github.com/dwoolworth/gosurfer/agent.go:487.21,489.4 1 0
github.com/dwoolworth/gosurfer/agent.go:490.3,491.132 2 0
github.com/dwoolworth/gosurfer/agent.go:495.2,496.25 2 0
github.com/dwoolworth/gosurfer/agent.go:496.25,498.34 2 0
github.com/dwoolworth/gosurfer/agent.go:498.34,500.28 2 0
github.com/dwoolworth/gosurfer/agent.go:500.28,502.5 1 0
github.com/dwoolworth/gosurfer/agent.go:503.4,503.96 1 0
github.com/dwoolworth/gosurfer/agent.go:508.2,509.19 2 0
github.com/dwoolworth/gosurfer/agent.go:509.19,511.3 1 0
github.com/dwoolworth/gosurfer/agent.go:513.2,516.51 2 0
github.com/dwoolworth/gosurfer/agent.go:516.51,518.3 1 0
github.com/dwoolworth/gosurfer/agent.go:518.8,520.3 1 0
github.com/dwoolworth/gosurfer/agent.go:522.2,522.17 1 0
github.com/dwoolworth/gosurfer/agent.go:533.114,536.39 2 0
github.com/dwoolworth/gosurfer/agent.go:536.39,538.21 2 0
github.com/dwoolworth/gosurfer/agent.go:538.21,540.4 1 0
github.com/dwoolworth/gosurfer/agent.go:541.3,541.38 1 0
github.com/dwoolworth/gosurfer/agent.go:544.2,545.63 2 0
github.com/dwoolworth/gosurfer/agent.go:545.63,549.32 3 0
github.com/dwoolworth/gosurfer/agent.go:549.32,551.67 2 0
github.com/dwoolworth/gosurfer/agent.go:551.67,553.5 1 0
github.com/dwoolworth/gosurfer/agent.go:554.9,556.4 1 0
github.com/dwoolworth/gosurfer/agent.go:559.2,559.23 1 0
github.com/dwoolworth/gosurfer/agent.go:559.23,561.3 1 0
github.com/dwoolworth/gosurfer/agent.go:562.2,562.24 1 0
github.com/dwoolworth/gosurfer/agent.go:562.24,564.3 1 0
github.com/dwoolworth/gosurfer/agent.go:566.2,566.52 1 0
github.com/dwoolworth/gosurfer/agent.go:569.71,577.2 1 0
github.com/dwoolworth/gosurfer/auth.go:22.52,24.16 2 1
github.com/dwoolworth/gosurfer/auth.go:24.16,26.3 1 0
github.com/dwoolworth/gosurfer/auth.go:28.2,29.16 2 1
github.com/dwoolworth/gosurfer/auth.go:29.16,31.3 1 0
github.com/dwoolworth/gosurfer/auth.go:33.2,33.56 1 1
github.com/dwoolworth/gosurfer/auth.go:33.56,35.3 1 0
github.com/dwoolworth/gosurfer/auth.go:36.2,36.12 1 1
github.com/dwoolworth/gosurfer/auth.go:40.57,42.16 2 1
github.com/dwoolworth/gosurfer/auth.go:42.16,44.3 1 0
github.com/dwoolworth/gosurfer/auth.go:46.2,47.16 2 1
github.com/dwoolworth/gosurfer/auth.go:47.16,50.3 1 0
github.com/dwoolworth/gosurfer/auth.go:52.2,56.8 1 1
github.com/dwoolworth/gosurfer/auth.go:64.52,66.16 2 1
github.com/dwoolworth/gosurfer/auth.go:66.16,68.3 1 1
github.com/dwoolworth/gosurfer/auth.go:70.2,71.53 2 1
github.com/dwoolworth/gosurfer/auth.go:71.53,73.3 1 0
github.com/dwoolworth/gosurfer/auth.go:75.2,75.38 1 1
github.com/dwoolworth/gosurfer/auth.go:79.63,81.28 1 1
github.com/dwoolworth/gosurfer/auth.go:81.28,82.53 1 1
github.com/dwoolworth/gosurfer/auth.go:82.53,84.4 1 0
github.com/dwoolworth/gosurfer/auth.go:88.2,88.45 1 1
github.com/dwoolworth/gosurfer/auth.go:88.45,89.55 1 1
github.com/dwoolworth/gosurfer/auth.go:89.55,91.4 1 0
github.com/dwoolworth/gosurfer/auth.go:94.2,94.12 1 1
github.com/dwoolworth/gosurfer/browser.go:65.57,71.18 2 1
github.com/dwoolworth/gosurfer/browser.go:71.18,73.30 2 1
github.com/dwoolworth/gosurfer/browser.go:73.30,75.4 1 1
github.com/dwoolworth/gosurfer/browser.go:76.3,76.31 1 1
github.com/dwoolworth/gosurfer/browser.go:76.31,78.4 1 1
github.com/dwoolworth/gosurfer/browser.go:81.2,88.20 2 1
github.com/dwoolworth/gosurfer/browser.go:88.20,89.47 1 0
github.com/dwoolworth/gosurfer/browser.go:89.47,90.17 1 0
github.com/dwoolworth/gosurfer/browser.go:90.17,92.5 1 0
github.com/dwoolworth/gosurfer/browser.go:92.10,94.5 1 0
github.com/dwoolworth/gosurfer/browser.go:98.2,98.27 1 1
github.com/dwoolworth/gosurfer/browser.go:98.27,100.3 1 0
github.com/dwoolworth/gosurfer/browser.go:101.2,101.22 1 1
github.com/dwoolworth/gosurfer/browser.go:101.22,103.3 1 0
github.com/dwoolworth/gosurfer/browser.go:104.2,104.30 1 1
github.com/dwoolworth/gosurfer/browser.go:104.30,106.3 1 0
github.com/dwoolworth/gosurfer/browser.go:107.2,107.24 1 1
github.com/dwoolworth/gosurfer/browser.go:107.24,109.3 1 0
github.com/dwoolworth/gosurfer/browser.go:111.2,112.16 2 1
github.com/dwoolworth/gosurfer/browser.go:112.16,114.3 1 0
github.com/dwoolworth/gosurfer/browser.go:116.2,117.42 2 1
github.com/dwoolworth/gosurfer/browser.go:117.42,119.3 1 0
github.com/dwoolworth/gosurfer/browser.go:121.2,121.52 1 1
github.com/dwoolworth/gosurfer/browser.go:125.75,127.18 2 0
github.com/dwoolworth/gosurfer/browser.go:127.18,129.3 1 0
github.com/dwoolworth/gosurfer/browser.go:131.2,132.42 2 0
github.com/dwoolworth/gosurfer/browser.go:132.42,134.3 1 0
github.com/dwoolworth/gosurfer/browser.go:135.2,135.52 1 0
github.com/dwoolworth/gosurfer/browser.go:139.44,141.16 2 1
github.com/dwoolworth/gosurfer/browser.go:141.16,143.3 1 0
github.com/dwoolworth/gosurfer/browser.go:145.2,149.17 1 1
github.com/dwoolworth/gosurfer/browser.go:149.17,151.3 1 0
github.com/dwoolworth/gosurfer/browser.go:153.2,157.22 3 1
github.com/dwoolworth/gosurfer/browser.go:157.22,158.44 1 0
github.com/dwoolworth/gosurfer/browser.go:158.44,160.4 1 0
github.com/dwoolworth/gosurfer/browser.go:161.3,161.53 1 0
github.com/dwoolworth/gosurfer/browser.go:161.53,163.4 1 0
github.com/dwoolworth/gosurfer/browser.go:166.2,166.18 1 1
github.com/dwoolworth/gosurfer/browser.go:170.44,172.16 2 0
github.com/dwoolworth/gosurfer/browser.go:172.16,174.3 1 0
github.com/dwoolworth/gosurfer/browser.go:175.2,176.26 2 0
github.com/dwoolworth/gosurfer/browser.go:176.26,180.3 3 0
github.com/dwoolworth/gosurfer/browser.go:181.2,181.20 1 0
github.com/dwoolworth/gosurfer/browser.go:185.49,187.16 2 0
github.com/dwoolworth/gosurfer/browser.go:187.16,189.3 1 0
github.com/dwoolworth/gosurfer/browser.go:190.2,190.56 1 0
github.com/dwoolworth/gosurfer/browser.go:195.48,197.2 1 0
github.com/dwoolworth/gosurfer/browser.go:200.70,202.2 1 0
github.com/dwoolworth/gosurfer/browser.go:205.61,207.16 2 0
github.com/dwoolworth/gosurfer/browser.go:207.16,209.3 1 0
github.com/dwoolworth/gosurfer/browser.go:210.2,211.16 2 0
github.com/dwoolworth/gosurfer/browser.go:211.16,213.3 1 0
github.com/dwoolworth/gosurfer/browser.go:214.2,216.16 3 0
github.com/dwoolworth/gosurfer/browser.go:220.38,222.2 1 0
github.com/dwoolworth/gosurfer/browser.go:225.33,227.2 1 0
github.com/dwoolworth/gosurfer/captcha.go:41.54,43.16 2 0
github.com/dwoolworth/gosurfer/captcha.go:43.16,45.3 1 0
github.com/dwoolworth/gosurfer/captcha.go:47.2,52.54 2 0
github.com/dwoolworth/gosurfer/captcha.go:52.54,54.3 1 0
github.com/dwoolworth/gosurfer/captcha.go:55.2,55.17 1 0
github.com/dwoolworth/gosurfer/captcha.go:55.17,57.3 1 0
github.com/dwoolworth/gosurfer/captcha.go:59.2,64.8 2 0
github.com/dwoolworth/gosurfer/captcha.go:69.78,71.16 2 0
github.com/dwoolworth/gosurfer/captcha.go:71.16,73.3 1 0
github.com/dwoolworth/gosurfer/captcha.go:74.2,74.17 1 0
github.com/dwoolworth/gosurfer/captcha.go:74.17,76.3 1 0
github.com/dwoolworth/gosurfer/captcha.go:78.2,79.16 2 0
github.com/dwoolworth/gosurfer/captcha.go:79.16,81.3 1 0
github.com/dwoolworth/gosurfer/captcha.go:83.2,83.47 1 0
github.com/dwoolworth/gosurfer/captcha.go:87.80,89.21 2 0
github.com/dwoolworth/gosurfer/captcha.go:90.46,110.27 1 0
github.com/dwoolworth/gosurfer/captcha.go:111.23,125.27 1 0
github.com/dwoolworth/gosurfer/captcha.go:126.24,140.20 1 0
github.com/dwoolworth/gosurfer/captcha.go:141.10,142.65 1 0
github.com/dwoolworth/gosurfer/captcha.go:145.2,146.12 2 0
github.com/dwoolworth/gosurfer/captcha.go:159.59,165.2 1 0
github.com/dwoolworth/gosurfer/captcha.go:167.42,167.63 1 0
github.com/dwoolworth/gosurfer/captcha.go:169.89,176.19 2 0
github.com/dwoolworth/gosurfer/captcha.go:177.26,179.40 2 0
github.com/dwoolworth/gosurfer/captcha.go:180.26,184.33 4 0
github.com/dwoolworth/gosurfer/captcha.go:185.23,187.38 2 0
github.com/dwoolworth/gosurfer/captcha.go:188.24,190.38 2 0
github.com/dwoolworth/gosurfer/captcha.go:191.10,192.67 1 0
github.com/dwoolworth/gosurfer/captcha.go:195.2,196.19 2 0
github.com/dwoolworth/gosurfer/captcha.go:196.19,198.3 1 0
github.com/dwoolworth/gosurfer/captcha.go:200.2,202.16 3 0
github.com/dwoolworth/gosurfer/captcha.go:202.16,204.3 1 0
github.com/dwoolworth/gosurfer/captcha.go:206.2,210.60 2 0
github.com/dwoolworth/gosurfer/captcha.go:210.60,212.3 1 0
github.com/dwoolworth/gosurfer/captcha.go:213.2,213.30 1 0
github.com/dwoolworth/gosurfer/captcha.go:213.30,215.3 1 0
github.com/dwoolworth/gosurfer/captcha.go:216.2,222.44 3 0
github.com/dwoolworth/gosurfer/captcha.go:222.44,223.10 1 0
github.com/dwoolworth/gosurfer/captcha.go:224.21,225.24 1 0
github.com/dwoolworth/gosurfer/captcha.go:226.38,226.38 0 0
github.com/dwoolworth/gosurfer/captcha.go:229.3,230.17 2 0
github.com/dwoolworth/gosurfer/captcha.go:230.17,231.12 1 0
github.com/dwoolworth/gosurfer/captcha.go:234.3,238.59 2 0
github.com/dwoolworth/gosurfer/captcha.go:238.59,239.12 1 0
github.com/dwoolworth/gosurfer/captcha.go:242.3,242.29 1 0
github.com/dwoolworth/gosurfer/captcha.go:242.29,244.4 1 0
github.com/dwoolworth/gosurfer/captcha.go:245.3,245.47 1 0
github.com/dwoolworth/gosurfer/captcha.go:245.47,247.4 1 0
github.com/dwoolworth/gosurfer/captcha.go:250.2,250.65 1 0
github.com/dwoolworth/gosurfer/captcha.go:253.86,255.16 2 0
github.com/dwoolworth/gosurfer/captcha.go:255.16,257.3 1 0
github.com/dwoolworth/gosurfer/captcha.go:258.2,259.16 2 0
github.com/dwoolworth/gosurfer/captcha.go:259.16,261.3 1 0
github.com/dwoolworth/gosurfer/captcha.go:262.2,262.15 1 0
github.com/dwoolworth/gosurfer/captcha.go:262.15,262.40 1 0
github.com/dwoolworth/gosurfer/captcha.go:263.2,263.30 1 0
github.com/dwoolworth/gosurfer/captcha.go:276.45,282.2 1 0
github.com/dwoolworth/gosurfer/captcha.go:284.35,284.57 1 0
github.com/dwoolworth/gosurfer/captcha.go:286.82,288.19 2 0
github.com/dwoolworth/gosurfer/captcha.go:288.19,290.3 1 0
github.com/dwoolworth/gosurfer/captcha.go:293.2,298.19 3 0
github.com/dwoolworth/gosurfer/captcha.go:299.26,300.40 1 0
github.com/dwoolworth/gosurfer/captcha.go:301.26,303.38 2 0
github.com/dwoolworth/gosurfer/captcha.go:304.23,305.37 1 0
github.com/dwoolworth/gosurfer/captcha.go:306.24,307.42 1 0
github.com/dwoolworth/gosurfer/captcha.go:308.10,309.67 1 0
github.com/dwoolworth/gosurfer/captcha.go:311.2,320.16 4 0
github.com/dwoolworth/gosurfer/captcha.go:320.16,322.3 1 0
github.com/dwoolworth/gosurfer/captcha.go:324.2,329.60 2 0
github.com/dwoolworth/gosurfer/captcha.go:329.60,331.3 1 0
github.com/dwoolworth/gosurfer/captcha.go:332.2,332.31 1 0
github.com/dwoolworth/gosurfer/captcha.go:332.31,334.3 1 0
github.com/dwoolworth/gosurfer/captcha.go:337.2,337.44 1 0
github.com/dwoolworth/gosurfer/captcha.go:337.44,338.10 1 0
github.com/dwoolworth/gosurfer/captcha.go:339.21,340.24 1 0
github.com/dwoolworth/gosurfer/captcha.go:341.38,341.38 0 0
github.com/dwoolworth/gosurfer/captcha.go:344.3,349.17 3 0
github.com/dwoolworth/gosurfer/captcha.go:349.17,350.12 1 0
github.com/dwoolworth/gosurfer/captcha.go:353.3,362.59 2 0
github.com/dwoolworth/gosurfer/captcha.go:362.59,363.12 1 0
github.com/dwoolworth/gosurfer/captcha.go:365.3,365.30 1 0
github.com/dwoolworth/gosurfer/captcha.go:365.30,367.4 1 0
github.com/dwoolworth/gosurfer/captcha.go:368.3,368.35 1 0
github.com/dwoolworth/gosurfer/captcha.go:368.35,370.19 2 0
github.com/dwoolworth/gosurfer/captcha.go:370.19,372.5 1 0
github.com/dwoolworth/gosurfer/captcha.go:373.4,373.21 1 0
github.com/dwoolworth/gosurfer/captcha.go:377.2,377.66 1 0
github.com/dwoolworth/gosurfer/captcha.go:380.93,382.16 2 0
github.com/dwoolworth/gosurfer/captcha.go:382.16,384.3 1 0
github.com/dwoolworth/gosurfer/captcha.go:385.2,387.16 3 0
github.com/dwoolworth/gosurfer/captcha.go:387.16,389.3 1 0
github.com/dwoolworth/gosurfer/captcha.go:390.2,390.15 1 0
github.com/dwoolworth/gosurfer/captcha.go:390.15,390.40 1 0
github.com/dwoolworth/gosurfer/captcha.go:391.2,391.30 1 0
github.com/dwoolworth/gosurfer/captcha.go:461.45,461.64 1 0
github.com/dwoolworth/gosurfer/captcha.go:463.92,465.2 1 0
github.com/dwoolworth/gosurfer/dom.go:66.52,69.16 2 0
github.com/dwoolworth/gosurfer/dom.go:69.16,71.3 1 0
github.com/dwoolworth/gosurfer/dom.go:73.2,74.59 2 0
github.com/dwoolworth/gosurfer/dom.go:74.59,76.3 1 0
github.com/dwoolworth/gosurfer/dom.go:79.2,80.36 2 0
github.com/dwoolworth/gosurfer/dom.go:80.36,83.3 2 0
github.com/dwoolworth/gosurfer/dom.go:85.2,95.27 2 0
github.com/dwoolworth/gosurfer/dom.go:95.27,97.3 1 0
github.com/dwoolworth/gosurfer/dom.go:100.2,102.19 3 0
github.com/dwoolworth/gosurfer/dom.go:106.45,108.16 2 0
github.com/dwoolworth/gosurfer/dom.go:108.16,110.3 1 0
github.com/dwoolworth/gosurfer/dom.go:111.2,112.26 2 0
github.com/dwoolworth/gosurfer/dom.go:112.26,114.17 2 0
github.com/dwoolworth/gosurfer/dom.go:114.17,115.12 1 0
github.com/dwoolworth/gosurfer/dom.go:117.3,119.19 3 0
github.com/dwoolworth/gosurfer/dom.go:119.19,121.4 1 0
github.com/dwoolworth/gosurfer/dom.go:122.3,126.5 1 0
github.com/dwoolworth/gosurfer/dom.go:128.2,128.13 1 0
github.com/dwoolworth/gosurfer/dom.go:152.86,156.29 3 0
github.com/dwoolworth/gosurfer/dom.go:156.29,159.29 2 0
github.com/dwoolworth/gosurfer/dom.go:159.29,161.11 2 0
github.com/dwoolworth/gosurfer/dom.go:161.11,162.13 1 0
github.com/dwoolworth/gosurfer/dom.go:165.4,166.25 2 0
github.com/dwoolworth/gosurfer/dom.go:166.25,168.5 1 0
github.com/dwoolworth/gosurfer/dom.go:169.4,172.43 2 0
github.com/dwoolworth/gosurfer/dom.go:172.43,173.56 1 0
github.com/dwoolworth/gosurfer/dom.go:173.56,175.6 1 0
github.com/dwoolworth/gosurfer/dom.go:179.4,180.18 2 0
github.com/dwoolworth/gosurfer/dom.go:180.18,182.5 1 0
github.com/dwoolworth/gosurfer/dom.go:182.10,184.5 1 0
github.com/dwoolworth/gosurfer/dom.go:185.9,185.29 1 0
github.com/dwoolworth/gosurfer/dom.go:185.29,188.18 2 0
github.com/dwoolworth/gosurfer/dom.go:188.18,190.5 1 0
github.com/dwoolworth/gosurfer/dom.go:194.2,194.19 1 0
github.com/dwoolworth/gosurfer/dom.go:206.44,211.21 4 0
github.com/dwoolworth/gosurfer/dom.go:211.21,213.3 1 0
github.com/dwoolworth/gosurfer/dom.go:214.2,214.10 1 0
github.com/dwoolworth/gosurfer/drag.go:11.49,14.16 2 0
github.com/dwoolworth/gosurfer/drag.go:14.16,16.3 1 0
github.com/dwoolworth/gosurfer/drag.go:17.2,22.16 4 0
github.com/dwoolworth/gosurfer/drag.go:22.16,24.3 1 0
github.com/dwoolworth/gosurfer/drag.go:25.2,28.56 3 0
github.com/dwoolworth/gosurfer/drag.go:32.57,34.16 2 0
github.com/dwoolworth/gosurfer/drag.go:34.16,36.3 1 0
github.com/dwoolworth/gosurfer/drag.go:37.2,40.50 3 0
github.com/dwoolworth/gosurfer/drag.go:44.63,46.2 1 0
github.com/dwoolworth/gosurfer/drag.go:50.69,54.70 2 0
github.com/dwoolworth/gosurfer/drag.go:54.70,56.3 1 0
github.com/dwoolworth/gosurfer/drag.go:57.2,60.66 2 0
github.com/dwoolworth/gosurfer/drag.go:60.66,62.3 1 0
github.com/dwoolworth/gosurfer/drag.go:63.2,66.74 2 0
github.com/dwoolworth/gosurfer/drag.go:66.74,68.3 1 0
github.com/dwoolworth/gosurfer/drag.go:69.2,72.64 2 0
github.com/dwoolworth/gosurfer/drag.go:72.64,74.3 1 0
github.com/dwoolworth/gosurfer/drag.go:76.2,76.12 1 0
github.com/dwoolworth/gosurfer/element.go:27.33,28.47 1 0
github.com/dwoolworth/gosurfer/element.go:28.47,30.3 1 0
github.com/dwoolworth/gosurfer/element.go:31.2,31.51 1 0
github.com/dwoolworth/gosurfer/element.go:35.39,36.47 1 0
github.com/dwoolworth/gosurfer/element.go:36.47,38.3 1 0
github.com/dwoolworth/gosurfer/element.go:39.2,39.51 1 0
github.com/dwoolworth/gosurfer/element.go:43.43,45.2 1 1
github.com/dwoolworth/gosurfer/element.go:48.33,50.2 1 0
github.com/dwoolworth/gosurfer/element.go:53.51,54.34 1 0
github.com/dwoolworth/gosurfer/element.go:54.34,56.3 1 0
github.com/dwoolworth/gosurfer/element.go:58.2,58.67 1 0
github.com/dwoolworth/gosurfer/element.go:58.67,60.3 1 0
github.com/dwoolworth/gosurfer/element.go:61.2,61.21 1 0
github.com/dwoolworth/gosurfer/element.go:65.42,67.2 1 1
github.com/dwoolworth/gosurfer/element.go:70.42,72.2 1 1
github.com/dwoolworth/gosurfer/element.go:75.58,77.16 2 1
github.com/dwoolworth/gosurfer/element.go:77.16,79.3 1 0
github.com/dwoolworth/gosurfer/element.go:80.2,80.17 1 1
github.com/dwoolworth/gosurfer/element.go:80.17,82.3 1 1
github.com/dwoolworth/gosurfer/element.go:83.2,83.19 1 1
github.com/dwoolworth/gosurfer/element.go:87.43,89.16 2 1
github.com/dwoolworth/gosurfer/element.go:89.16,91.3 1 0
github.com/dwoolworth/gosurfer/element.go:92.2,92.21 1 1
github.com/dwoolworth/gosurfer/element.go:96.42,98.2 1 0
github.com/dwoolworth/gosurfer/element.go:101.48,103.16 2 0
github.com/dwoolworth/gosurfer/element.go:103.16,105.3 1 0
github.com/dwoolworth/gosurfer/element.go:106.2,106.17 1 0
github.com/dwoolworth/gosurfer/element.go:110.48,112.16 2 0
github.com/dwoolworth/gosurfer/element.go:112.16,114.3 1 0
github.com/dwoolworth/gosurfer/element.go:115.2,121.8 2 0
github.com/dwoolworth/gosurfer/element.go:125.55,127.2 1 0
github.com/dwoolworth/gosurfer/element.go:130.63,132.2 1 0
github.com/dwoolworth/gosurfer/element.go:135.53,137.2 1 0
github.com/dwoolworth/gosurfer/element.go:140.33,142.2 1 0
github.com/dwoolworth/gosurfer/element.go:145.33,147.2 1 0
github.com/dwoolworth/gosurfer/element.go:150.39,152.2 1 0
github.com/dwoolworth/gosurfer/element.go:155.38,157.2 1 0
github.com/dwoolworth/gosurfer/element.go:161.42,163.16 2 0
github.com/dwoolworth/gosurfer/element.go:163.16,165.3 1 0
github.com/dwoolworth/gosurfer/element.go:166.2,168.16 3 0
github.com/dwoolworth/gosurfer/element.go:172.50,174.16 2 0
github.com/dwoolworth/gosurfer/element.go:174.16,176.3 1 0
github.com/dwoolworth/gosurfer/element.go:177.2,177.47 1 0
github.com/dwoolworth/gosurfer/element.go:181.38,183.2 1 0
github.com/dwoolworth/gosurfer/emulation.go:12.87,19.2 1 1
github.com/dwoolworth/gosurfer/emulation.go:22.53,26.2 1 1
github.com/dwoolworth/gosurfer/emulation.go:32.76,38.2 1 1
github.com/dwoolworth/gosurfer/emulation.go:41.41,43.2 1 1
github.com/dwoolworth/gosurfer/emulation.go:47.53,51.2 1 1
github.com/dwoolworth/gosurfer/emulation.go:56.47,60.2 1 1
github.com/dwoolworth/gosurfer/emulation.go:66.47,73.2 1 1
github.com/dwoolworth/gosurfer/emulation.go:79.110,86.2 1 1
github.com/dwoolworth/gosurfer/emulation.go:89.52,93.2 1 1
github.com/dwoolworth/gosurfer/emulation.go:107.57,111.39 2 1
github.com/dwoolworth/gosurfer/emulation.go:111.39,113.3 1 1
github.com/dwoolworth/gosurfer/emulation.go:114.2,116.15 1 1
github.com/dwoolworth/gosurfer/emulation.go:128.61,132.41 2 1
github.com/dwoolworth/gosurfer/emulation.go:132.41,134.3 1 1
github.com/dwoolworth/gosurfer/emulation.go:135.2,137.15 1 1
github.com/dwoolworth/gosurfer/emulation.go:143.80,145.32 2 1
github.com/dwoolworth/gosurfer/emulation.go:145.32,147.3 1 1
github.com/dwoolworth/gosurfer/emulation.go:148.2,151.15 1 1
github.com/dwoolworth/gosurfer/emulation.go:155.44,157.2 1 1
github.com/dwoolworth/gosurfer/emulation.go:173.46,174.76 1 1
github.com/dwoolworth/gosurfer/emulation.go:174.76,176.3 1 0
github.com/dwoolworth/gosurfer/emulation.go:177.2,177.52 1 1
github.com/dwoolworth/gosurfer/emulation.go:177.52,179.3 1 0
github.com/dwoolworth/gosurfer/emulation.go:180.2,180.13 1 1
github.com/dwoolworth/gosurfer/emulation.go:180.13,181.49 1 1
github.com/dwoolworth/gosurfer/emulation.go:181.49,183.4 1 0
github.com/dwoolworth/gosurfer/emulation.go:185.2,185.12 1 1
github.com/dwoolworth/gosurfer/expect.go:21.59,23.27 2 1
github.com/dwoolworth/gosurfer/expect.go:23.27,25.3 1 1
github.com/dwoolworth/gosurfer/expect.go:26.2,26.10 1 1
github.com/dwoolworth/gosurfer/expect.go:33.48,34.29 1 1
github.com/dwoolworth/gosurfer/expect.go:34.29,34.46 1 1
github.com/dwoolworth/gosurfer/expect.go:44.54,47.6 3 1
github.com/dwoolworth/gosurfer/expect.go:47.6,48.33 1 1
github.com/dwoolworth/gosurfer/expect.go:48.33,50.4 1 1
github.com/dwoolworth/gosurfer/expect.go:50.9,52.4 1 1
github.com/dwoolworth/gosurfer/expect.go:53.3,53.33 1 1
github.com/dwoolworth/gosurfer/expect.go:53.33,55.4 1 1
github.com/dwoolworth/gosurfer/expect.go:56.3,56.33 1 1
github.com/dwoolworth/gosurfer/expect.go:61.57,62.30 1 1
github.com/dwoolworth/gosurfer/expect.go:62.30,64.17 2 1
github.com/dwoolworth/gosurfer/expect.go:64.17,66.4 1 0
github.com/dwoolworth/gosurfer/expect.go:67.3,67.24 1 1
github.com/dwoolworth/gosurfer/expect.go:67.24,69.4 1 1
github.com/dwoolworth/gosurfer/expect.go:70.3,70.13 1 1
github.com/dwoolworth/gosurfer/expect.go:75.68,76.30 1 1
github.com/dwoolworth/gosurfer/expect.go:76.30,78.17 2 1
github.com/dwoolworth/gosurfer/expect.go:78.17,80.4 1 0
github.com/dwoolworth/gosurfer/expect.go:81.3,81.42 1 1
github.com/dwoolworth/gosurfer/expect.go:81.42,83.4 1 0
github.com/dwoolworth/gosurfer/expect.go:84.3,84.13 1 1
github.com/dwoolworth/gosurfer/expect.go:89.55,90.30 1 1
github.com/dwoolworth/gosurfer/expect.go:90.30,92.22 2 1
github.com/dwoolworth/gosurfer/expect.go:92.22,94.4 1 0
github.com/dwoolworth/gosurfer/expect.go:95.3,95.13 1 1
github.com/dwoolworth/gosurfer/expect.go:100.66,101.30 1 1
github.com/dwoolworth/gosurfer/expect.go:101.30,103.40 2 1
github.com/dwoolworth/gosurfer/expect.go:103.40,105.4 1 0
github.com/dwoolworth/gosurfer/expect.go:106.3,106.13 1 1
github.com/dwoolworth/gosurfer/expect.go:111.62,113.2 1 1
github.com/dwoolworth/gosurfer/expect.go:123.58,126.6 3 1
github.com/dwoolworth/gosurfer/expect.go:126.6,128.16 2 1
github.com/dwoolworth/gosurfer/expect.go:128.16,129.18 1 1
github.com/dwoolworth/gosurfer/expect.go:129.18,131.5 1 1
github.com/dwoolworth/gosurfer/expect.go:132.4,132.78 1 0
github.com/dwoolworth/gosurfer/expect.go:133.9,134.18 1 1
github.com/dwoolworth/gosurfer/expect.go:134.18,136.5 1 1
github.com/dwoolworth/gosurfer/expect.go:137.4,137.17 1 1
github.com/dwoolworth/gosurfer/expect.go:139.3,139.33 1 1
github.com/dwoolworth/gosurfer/expect.go:139.33,141.4 1 1
github.com/dwoolworth/gosurfer/expect.go:142.3,142.33 1 1
github.com/dwoolworth/gosurfer/expect.go:149.47,156.2 1 1
github.com/dwoolworth/gosurfer/expect.go:159.46,160.31 1 1
github.com/dwoolworth/gosurfer/expect.go:160.31,162.17 2 1
github.com/dwoolworth/gosurfer/expect.go:162.17,164.4 1 0
github.com/dwoolworth/gosurfer/expect.go:165.3,166.17 2 1
github.com/dwoolworth/gosurfer/expect.go:166.17,168.4 1 0
github.com/dwoolworth/gosurfer/expect.go:169.3,169.15 1 1
github.com/dwoolworth/gosurfer/expect.go:169.15,171.4 1 1
github.com/dwoolworth/gosurfer/expect.go:172.3,172.13 1 1
github.com/dwoolworth/gosurfer/expect.go:177.45,178.31 1 1
github.com/dwoolworth/gosurfer/expect.go:178.31,180.17 2 1
github.com/dwoolworth/gosurfer/expect.go:180.17,182.4 1 0
github.com/dwoolworth/gosurfer/expect.go:183.3,184.17 2 1
github.com/dwoolworth/gosurfer/expect.go:184.17,186.4 1 0
github.com/dwoolworth/gosurfer/expect.go:187.3,187.14 1 1
github.com/dwoolworth/gosurfer/expect.go:187.14,189.4 1 1
github.com/dwoolworth/gosurfer/expect.go:190.3,190.13 1 1
github.com/dwoolworth/gosurfer/expect.go:195.46,196.31 1 1
github.com/dwoolworth/gosurfer/expect.go:196.31,199.17 2 1
github.com/dwoolworth/gosurfer/expect.go:199.17,201.4 1 0
github.com/dwoolworth/gosurfer/expect.go:202.3,203.15 2 1
github.com/dwoolworth/gosurfer/expect.go:203.15,205.4 1 0
github.com/dwoolworth/gosurfer/expect.go:206.3,206.13 1 1
github.com/dwoolworth/gosurfer/expect.go:211.47,212.31 1 1
github.com/dwoolworth/gosurfer/expect.go:212.31,215.17 2 1
github.com/dwoolworth/gosurfer/expect.go:215.17,217.4 1 0
github.com/dwoolworth/gosurfer/expect.go:218.3,219.16 2 1
github.com/dwoolworth/gosurfer/expect.go:219.16,221.4 1 0
github.com/dwoolworth/gosurfer/expect.go:222.3,222.13 1 1
github.com/dwoolworth/gosurfer/expect.go:227.60,228.31 1 1
github.com/dwoolworth/gosurfer/expect.go:228.31,230.17 2 1
github.com/dwoolworth/gosurfer/expect.go:230.17,232.4 1 0
github.com/dwoolworth/gosurfer/expect.go:233.3,234.17 2 1
github.com/dwoolworth/gosurfer/expect.go:234.17,236.4 1 0
github.com/dwoolworth/gosurfer/expect.go:237.3,237.42 1 1
github.com/dwoolworth/gosurfer/expect.go:237.42,239.4 1 0
github.com/dwoolworth/gosurfer/expect.go:240.3,240.13 1 1
github.com/dwoolworth/gosurfer/expect.go:245.64,246.31 1 1
github.com/dwoolworth/gosurfer/expect.go:246.31,248.17 2 1
github.com/dwoolworth/gosurfer/expect.go:248.17,250.4 1 0
github.com/dwoolworth/gosurfer/expect.go:251.3,252.17 2 1
github.com/dwoolworth/gosurfer/expect.go:252.17,254.4 1 0
github.com/dwoolworth/gosurfer/expect.go:255.3,255.41 1 1
github.com/dwoolworth/gosurfer/expect.go:255.41,257.4 1 1
github.com/dwoolworth/gosurfer/expect.go:258.3,258.13 1 1
github.com/dwoolworth/gosurfer/expect.go:263.61,264.31 1 1
github.com/dwoolworth/gosurfer/expect.go:264.31,267.17 2 1
github.com/dwoolworth/gosurfer/expect.go:267.17,269.4 1 0
github.com/dwoolworth/gosurfer/expect.go:270.3,271.20 2 1
github.com/dwoolworth/gosurfer/expect.go:271.20,273.4 1 0
github.com/dwoolworth/gosurfer/expect.go:274.3,274.13 1 1
github.com/dwoolworth/gosurfer/expect.go:279.68,280.31 1 1
github.com/dwoolworth/gosurfer/expect.go:280.31,282.17 2 1
github.com/dwoolworth/gosurfer/expect.go:282.17,284.4 1 0
github.com/dwoolworth/gosurfer/expect.go:285.3,286.17 2 1
github.com/dwoolworth/gosurfer/expect.go:286.17,288.4 1 0
github.com/dwoolworth/gosurfer/expect.go:289.3,289.19 1 1
github.com/dwoolworth/gosurfer/expect.go:289.19,291.4 1 0
github.com/dwoolworth/gosurfer/expect.go:292.3,292.13 1 1
github.com/dwoolworth/gosurfer/expect.go:297.58,298.31 1 1
github.com/dwoolworth/gosurfer/expect.go:298.31,300.17 2 1
github.com/dwoolworth/gosurfer/expect.go:300.17,302.4 1 0
github.com/dwoolworth/gosurfer/expect.go:303.3,303.27 1 1
github.com/dwoolworth/gosurfer/expect.go:303.27,305.4 1 1
github.com/dwoolworth/gosurfer/expect.go:306.3,306.13 1 1
github.com/dwoolworth/gosurfer/expect.go:311.46,312.31 1 1
github.com/dwoolworth/gosurfer/expect.go:312.31,315.17 2 1
github.com/dwoolworth/gosurfer/expect.go:315.17,317.4 1 0
github.com/dwoolworth/gosurfer/expect.go:318.3,319.15 2 1
github.com/dwoolworth/gosurfer/expect.go:319.15,321.4 1 0
github.com/dwoolworth/gosurfer/expect.go:322.3,322.13 1 1
github.com/dwoolworth/gosurfer/har.go:26.40,38.43 3 0
github.com/dwoolworth/gosurfer/har.go:38.43,40.4 1 0
github.com/dwoolworth/gosurfer/har.go:41.42,43.4 1 0
github.com/dwoolworth/gosurfer/har.go:44.41,46.4 1 0
github.com/dwoolworth/gosurfer/har.go:47.39,49.4 1 0
github.com/dwoolworth/gosurfer/har.go:52.2,52.12 1 0
github.com/dwoolworth/gosurfer/har.go:56.50,72.2 4 0
github.com/dwoolworth/gosurfer/har.go:75.39,79.2 3 0
github.com/dwoolworth/gosurfer/har.go:81.70,86.43 4 0
github.com/dwoolworth/gosurfer/har.go:86.43,88.3 1 0
github.com/dwoolworth/gosurfer/har.go:90.2,105.34 2 0
github.com/dwoolworth/gosurfer/har.go:108.70,113.9 4 0
github.com/dwoolworth/gosurfer/har.go:113.9,115.3 1 0
github.com/dwoolworth/gosurfer/har.go:117.2,118.44 2 0
github.com/dwoolworth/gosurfer/har.go:118.44,120.3 1 0
github.com/dwoolworth/gosurfer/har.go:122.2,136.30 2 0
github.com/dwoolworth/gosurfer/har.go:136.30,145.3 1 0
github.com/dwoolworth/gosurfer/har.go:148.69,153.9 4 0
github.com/dwoolworth/gosurfer/har.go:153.9,155.3 1 0
github.com/dwoolworth/gosurfer/har.go:157.2,162.34 5 0
github.com/dwoolworth/gosurfer/har.go:165.65,170.9 4 0
github.com/dwoolworth/gosurfer/har.go:170.9,172.3 1 0
github.com/dwoolworth/gosurfer/har.go:174.2,181.34 4 0
github.com/dwoolworth/gosurfer/har.go:184.57,186.32 2 0
github.com/dwoolworth/gosurfer/har.go:186.32,209.3 1 0
github.com/dwoolworth/gosurfer/har.go:210.2,210.12 1 0
github.com/dwoolworth/gosurfer/llm.go:38.49,43.2 1 0
github.com/dwoolworth/gosurfer/llm.go:46.85,54.2 1 0
github.com/dwoolworth/gosurfer/llm.go:79.38,80.29 1 0
github.com/dwoolworth/gosurfer/llm.go:80.29,80.48 1 0
github.com/dwoolworth/gosurfer/llm.go:84.44,85.29 1 0
github.com/dwoolworth/gosurfer/llm.go:85.29,85.50 1 0
github.com/dwoolworth/gosurfer/llm.go:89.32,90.29 1 0
github.com/dwoolworth/gosurfer/llm.go:90.29,90.50 1 0
github.com/dwoolworth/gosurfer/llm.go:104.54,111.2 1 0
github.com/dwoolworth/gosurfer/llm.go:114.73,121.2 1 0
github.com/dwoolworth/gosurfer/llm.go:123.40,123.70 1 0
github.com/dwoolworth/gosurfer/llm.go:125.129,127.27 2 0
github.com/dwoolworth/gosurfer/llm.go:127.27,129.3 1 0
github.com/dwoolworth/gosurfer/llm.go:132.2,138.18 2 0
github.com/dwoolworth/gosurfer/llm.go:138.18,140.3 1 0
github.com/dwoolworth/gosurfer/llm.go:142.2,143.16 2 0
github.com/dwoolworth/gosurfer/llm.go:143.16,145.3 1 0
github.com/dwoolworth/gosurfer/llm.go:147.2,148.16 2 0
github.com/dwoolworth/gosurfer/llm.go:148.16,150.3 1 0
github.com/dwoolworth/gosurfer/llm.go:151.2,152.20 2 0
github.com/dwoolworth/gosurfer/llm.go:152.20,154.3 1 0
github.com/dwoolworth/gosurfer/llm.go:156.2,157.16 2 0
github.com/dwoolworth/gosurfer/llm.go:157.16,159.3 1 0
github.com/dwoolworth/gosurfer/llm.go:160.2,160.15 1 0
github.com/dwoolworth/gosurfer/llm.go:160.15,160.40 1 0
github.com/dwoolworth/gosurfer/llm.go:162.2,163.16 2 0
github.com/dwoolworth/gosurfer/llm.go:163.16,165.3 1 0
github.com/dwoolworth/gosurfer/llm.go:167.2,167.28 1 0
github.com/dwoolworth/gosurfer/llm.go:167.28,169.3 1 0
github.com/dwoolworth/gosurfer/llm.go:171.2,172.58 2 0
github.com/dwoolworth/gosurfer/llm.go:172.58,174.3 1 0
github.com/dwoolworth/gosurfer/llm.go:176.2,176.30 1 0
github.com/dwoolworth/gosurfer/llm.go:176.30,178.3 1 0
github.com/dwoolworth/gosurfer/llm.go:180.2,187.8 1 0
github.com/dwoolworth/gosurfer/llm.go:190.79,192.31 2 0
github.com/dwoolworth/gosurfer/llm.go:192.31,193.61 1 0
github.com/dwoolworth/gosurfer/llm.go:193.61,198.4 1 0
github.com/dwoolworth/gosurfer/llm.go:198.9,200.37 2 0
github.com/dwoolworth/gosurfer/llm.go:200.37,201.22 1 0
github.com/dwoolworth/gosurfer/llm.go:202.17,206.8 1 0
github.com/dwoolworth/gosurfer/llm.go:207.18,209.20 2 0
github.com/dwoolworth/gosurfer/llm.go:209.20,211.7 1 0
github.com/dwoolworth/gosurfer/llm.go:212.6,218.8 1 0
github.com/dwoolworth/gosurfer/llm.go:221.4,224.6 1 0
github.com/dwoolworth/gosurfer/llm.go:227.2,227.15 1 0
github.com/dwoolworth/gosurfer/llm.go:254.60,261.2 1 0
github.com/dwoolworth/gosurfer/llm.go:263.43,263.76 1 0
github.com/dwoolworth/gosurfer/llm.go:265.132,267.27 2 0
github.com/dwoolworth/gosurfer/llm.go:267.27,269.3 1 0
github.com/dwoolworth/gosurfer/llm.go:272.2,274.31 3 0
github.com/dwoolworth/gosurfer/llm.go:274.31,275.27 1 0
github.com/dwoolworth/gosurfer/llm.go:275.27,276.37 1 0
github.com/dwoolworth/gosurfer/llm.go:276.37,277.28 1 0
github.com/dwoolworth/gosurfer/llm.go:277.28,279.6 1 0
github.com/dwoolworth/gosurfer/llm.go:281.9,283.4 1 0
github.com/dwoolworth/gosurfer/llm.go:286.2,292.22 2 0
github.com/dwoolworth/gosurfer/llm.go:292.22,294.3 1 0
github.com/dwoolworth/gosurfer/llm.go:296.2,297.16 2 0
github.com/dwoolworth/gosurfer/llm.go:297.16,299.3 1 0
github.com/dwoolworth/gosurfer/llm.go:301.2,302.16 2 0
github.com/dwoolworth/gosurfer/llm.go:302.16,304.3 1 0
github.com/dwoolworth/gosurfer/llm.go:305.2,310.16 5 0
github.com/dwoolworth/gosurfer/llm.go:310.16,312.3 1 0
github.com/dwoolworth/gosurfer/llm.go:313.2,313.15 1 0
github.com/dwoolworth/gosurfer/llm.go:313.15,313.40 1 0
github.com/dwoolworth/gosurfer/llm.go:315.2,316.16 2 0
github.com/dwoolworth/gosurfer/llm.go:316.16,318.3 1 0
github.com/dwoolworth/gosurfer/llm.go:320.2,320.28 1 0
github.com/dwoolworth/gosurfer/llm.go:320.28,322.3 1 0
github.com/dwoolworth/gosurfer/llm.go:324.2,325.58 2 0
github.com/dwoolworth/gosurfer/llm.go:325.58,327.3 1 0
github.com/dwoolworth/gosurfer/llm.go:329.2,330.39 2 0
github.com/dwoolworth/gosurfer/llm.go:330.39,331.27 1 0
github.com/dwoolworth/gosurfer/llm.go:331.27,333.4 1 0
github.com/dwoolworth/gosurfer/llm.go:336.2,343.8 1 0
github.com/dwoolworth/gosurfer/llm.go:346.82,348.31 2 0
github.com/dwoolworth/gosurfer/llm.go:348.31,349.61 1 0
github.com/dwoolworth/gosurfer/llm.go:349.61,356.4 1 0
github.com/dwoolworth/gosurfer/llm.go:356.9,358.37 2 0
github.com/dwoolworth/gosurfer/llm.go:358.37,359.22 1 0
github.com/dwoolworth/gosurfer/llm.go:360.17,364.8 1 0
github.com/dwoolworth/gosurfer/llm.go:365.18,367.20 2 0
github.com/dwoolworth/gosurfer/llm.go:367.20,369.7 1 0
github.com/dwoolworth/gosurfer/llm.go:370.6,377.8 1 0
github.com/dwoolworth/gosurfer/llm.go:380.4,383.6 1 0
github.com/dwoolworth/gosurfer/llm.go:386.2,386.15 1 0
github.com/dwoolworth/gosurfer/llm.go:403.46,405.2 1 0
github.com/dwoolworth/gosurfer/locator.go:20.28,21.32 1 1
github.com/dwoolworth/gosurfer/locator.go:21.32,21.50 1 1
github.com/dwoolworth/gosurfer/locator.go:25.38,26.32 1 1
github.com/dwoolworth/gosurfer/locator.go:26.32,26.49 1 1
github.com/dwoolworth/gosurfer/locator.go:73.80,75.27 2 1
github.com/dwoolworth/gosurfer/locator.go:75.27,77.3 1 1
github.com/dwoolworth/gosurfer/locator.go:79.2,80.16 2 1
github.com/dwoolworth/gosurfer/locator.go:80.16,82.3 1 0
github.com/dwoolworth/gosurfer/locator.go:83.2,83.23 1 1
github.com/dwoolworth/gosurfer/locator.go:83.23,85.21 2 1
github.com/dwoolworth/gosurfer/locator.go:85.21,87.4 1 1
github.com/dwoolworth/gosurfer/locator.go:88.3,88.69 1 1
github.com/dwoolworth/gosurfer/locator.go:90.2,90.24 1 1
github.com/dwoolworth/gosurfer/locator.go:94.85,96.27 2 1
github.com/dwoolworth/gosurfer/locator.go:96.27,98.3 1 0
github.com/dwoolworth/gosurfer/locator.go:99.2,99.34 1 1
github.com/dwoolworth/gosurfer/locator.go:102.82,107.16 4 1
github.com/dwoolworth/gosurfer/locator.go:107.16,109.3 1 0
github.com/dwoolworth/gosurfer/locator.go:111.2,112.33 2 1
github.com/dwoolworth/gosurfer/locator.go:112.33,113.21 1 1
github.com/dwoolworth/gosurfer/locator.go:113.21,115.17 2 1
github.com/dwoolworth/gosurfer/locator.go:115.17,116.25 1 1
github.com/dwoolworth/gosurfer/locator.go:116.25,117.14 1 1
github.com/dwoolworth/gosurfer/locator.go:119.10,119.82 1 1
github.com/dwoolworth/gosurfer/locator.go:119.82,120.13 1 1
github.com/dwoolworth/gosurfer/locator.go:123.3,123.47 1 1
github.com/dwoolworth/gosurfer/locator.go:125.2,125.21 1 1
github.com/dwoolworth/gosurfer/locator.go:129.47,132.47 2 1
github.com/dwoolworth/gosurfer/locator.go:132.47,133.27 1 1
github.com/dwoolworth/gosurfer/locator.go:133.27,134.12 1 1
github.com/dwoolworth/gosurfer/locator.go:136.3,136.14 1 1
github.com/dwoolworth/gosurfer/locator.go:137.16,138.52 1 1
github.com/dwoolworth/gosurfer/locator.go:138.52,139.25 1 1
github.com/dwoolworth/gosurfer/locator.go:139.25,141.6 1 0
github.com/dwoolworth/gosurfer/locator.go:143.4,143.25 1 1
github.com/dwoolworth/gosurfer/locator.go:143.25,150.5 6 1
github.com/dwoolworth/gosurfer/locator.go:151.12,152.22 1 1
github.com/dwoolworth/gosurfer/locator.go:152.22,154.5 1 1
github.com/dwoolworth/gosurfer/locator.go:155.11,156.53 1 1
github.com/dwoolworth/gosurfer/locator.go:160.2,160.18 1 1
github.com/dwoolworth/gosurfer/locator.go:165.48,168.56 2 1
github.com/dwoolworth/gosurfer/locator.go:168.56,170.3 1 0
github.com/dwoolworth/gosurfer/locator.go:173.2,174.28 2 1
github.com/dwoolworth/gosurfer/locator.go:174.28,182.46 2 1
github.com/dwoolworth/gosurfer/locator.go:182.46,184.4 1 1
github.com/dwoolworth/gosurfer/locator.go:188.2,189.49 2 1
github.com/dwoolworth/gosurfer/locator.go:189.49,191.3 1 1
github.com/dwoolworth/gosurfer/locator.go:194.2,195.48 2 0
github.com/dwoolworth/gosurfer/locator.go:195.48,197.3 1 0
github.com/dwoolworth/gosurfer/locator.go:200.2,201.29 2 0
github.com/dwoolworth/gosurfer/locator.go:201.29,203.3 1 0
github.com/dwoolworth/gosurfer/locator.go:205.2,205.11 1 0
github.com/dwoolworth/gosurfer/locator.go:210.80,212.27 2 1
github.com/dwoolworth/gosurfer/locator.go:212.27,214.3 1 1
github.com/dwoolworth/gosurfer/locator.go:216.2,217.16 2 1
github.com/dwoolworth/gosurfer/locator.go:217.16,219.3 1 0
github.com/dwoolworth/gosurfer/locator.go:220.2,220.23 1 1
github.com/dwoolworth/gosurfer/locator.go:220.23,222.3 1 1
github.com/dwoolworth/gosurfer/locator.go:223.2,223.24 1 1
github.com/dwoolworth/gosurfer/locator.go:227.85,229.27 2 1
github.com/dwoolworth/gosurfer/locator.go:229.27,231.3 1 0
github.com/dwoolworth/gosurfer/locator.go:232.2,232.34 1 1
github.com/dwoolworth/gosurfer/locator.go:235.82,237.15 2 1
github.com/dwoolworth/gosurfer/locator.go:237.15,239.3 1 1
github.com/dwoolworth/gosurfer/locator.go:241.2,265.16 2 1
github.com/dwoolworth/gosurfer/locator.go:265.16,267.3 1 0
github.com/dwoolworth/gosurfer/locator.go:269.2,270.33 2 1
github.com/dwoolworth/gosurfer/locator.go:270.33,272.3 1 1
github.com/dwoolworth/gosurfer/locator.go:273.2,273.21 1 1
github.com/dwoolworth/gosurfer/locator.go:278.81,280.27 2 1
github.com/dwoolworth/gosurfer/locator.go:280.27,282.3 1 0
github.com/dwoolworth/gosurfer/locator.go:284.2,285.15 2 1
github.com/dwoolworth/gosurfer/locator.go:285.15,287.3 1 0
github.com/dwoolworth/gosurfer/locator.go:289.2,313.16 2 1
github.com/dwoolworth/gosurfer/locator.go:313.16,315.3 1 0
github.com/dwoolworth/gosurfer/locator.go:316.2,316.27 1 1
github.com/dwoolworth/gosurfer/locator.go:316.27,318.3 1 1
github.com/dwoolworth/gosurfer/locator.go:319.2,319.43 1 1
github.com/dwoolworth/gosurfer/locator.go:323.87,325.27 2 1
github.com/dwoolworth/gosurfer/locator.go:325.27,327.3 1 1
github.com/dwoolworth/gosurfer/locator.go:329.2,330.15 2 1
github.com/dwoolworth/gosurfer/locator.go:330.15,332.3 1 1
github.com/dwoolworth/gosurfer/locator.go:334.2,347.16 2 1
github.com/dwoolworth/gosurfer/locator.go:347.16,349.3 1 0
github.com/dwoolworth/gosurfer/locator.go:350.2,350.27 1 1
github.com/dwoolworth/gosurfer/locator.go:350.27,352.3 1 1
github.com/dwoolworth/gosurfer/locator.go:353.2,353.43 1 1
github.com/dwoolworth/gosurfer/locator.go:357.57,360.16 2 1
github.com/dwoolworth/gosurfer/locator.go:360.16,362.3 1 0
github.com/dwoolworth/gosurfer/locator.go:363.2,363.27 1 1
github.com/dwoolworth/gosurfer/locator.go:363.27,365.3 1 1
github.com/dwoolworth/gosurfer/locator.go:366.2,366.43 1 1
github.com/dwoolworth/gosurfer/locator.go:370.83,372.27 2 1
github.com/dwoolworth/gosurfer/locator.go:372.27,374.3 1 1
github.com/dwoolworth/gosurfer/locator.go:376.2,377.15 2 1
github.com/dwoolworth/gosurfer/locator.go:377.15,379.3 1 1
github.com/dwoolworth/gosurfer/locator.go:381.2,394.16 2 1
github.com/dwoolworth/gosurfer/locator.go:394.16,396.3 1 0
github.com/dwoolworth/gosurfer/locator.go:397.2,397.27 1 1
github.com/dwoolworth/gosurfer/locator.go:397.27,399.3 1 1
github.com/dwoolworth/gosurfer/locator.go:400.2,400.43 1 1
github.com/dwoolworth/gosurfer/network.go:26.43,28.2 1 1
github.com/dwoolworth/gosurfer/network.go:31.46,33.2 1 1
github.com/dwoolworth/gosurfer/network.go:36.56,38.2 1 1
github.com/dwoolworth/gosurfer/network.go:41.44,43.2 1 1
github.com/dwoolworth/gosurfer/network.go:46.41,48.2 1 1
github.com/dwoolworth/gosurfer/network.go:51.38,53.2 1 1
github.com/dwoolworth/gosurfer/network.go:58.86,60.26 2 1
github.com/dwoolworth/gosurfer/network.go:60.26,62.3 1 1
github.com/dwoolworth/gosurfer/network.go:63.2,63.33 1 1
github.com/dwoolworth/gosurfer/network.go:70.72,74.16 4 1
github.com/dwoolworth/gosurfer/network.go:74.16,77.3 2 0
github.com/dwoolworth/gosurfer/network.go:78.2,78.33 1 1
github.com/dwoolworth/gosurfer/network.go:83.51,85.2 1 1
github.com/dwoolworth/gosurfer/network.go:88.51,90.2 1 1
github.com/dwoolworth/gosurfer/network.go:93.52,95.2 1 1
github.com/dwoolworth/gosurfer/network.go:98.59,100.2 1 1
github.com/dwoolworth/gosurfer/network.go:103.65,105.2 1 1
github.com/dwoolworth/gosurfer/network.go:115.48,121.2 2 1
github.com/dwoolworth/gosurfer/network.go:126.116,128.51 2 1
github.com/dwoolworth/gosurfer/network.go:128.51,130.3 1 1
github.com/dwoolworth/gosurfer/network.go:131.2,131.11 1 1
github.com/dwoolworth/gosurfer/network.go:140.106,141.61 1 1
github.com/dwoolworth/gosurfer/network.go:141.61,143.3 1 1
github.com/dwoolworth/gosurfer/network.go:147.124,148.61 1 1
github.com/dwoolworth/gosurfer/network.go:148.61,150.3 1 1
github.com/dwoolworth/gosurfer/network.go:156.85,157.35 1 1
github.com/dwoolworth/gosurfer/network.go:157.35,158.52 1 1
github.com/dwoolworth/gosurfer/network.go:158.52,160.4 1 0
github.com/dwoolworth/gosurfer/network.go:162.2,162.11 1 1
github.com/dwoolworth/gosurfer/network.go:166.39,168.2 1 1
github.com/dwoolworth/gosurfer/network.go:171.44,173.2 1 1
github.com/dwoolworth/gosurfer/page.go:22.43,23.44 1 1
github.com/dwoolworth/gosurfer/page.go:23.44,25.3 1 0
github.com/dwoolworth/gosurfer/page.go:26.2,26.25 1 1
github.com/dwoolworth/gosurfer/page.go:30.29,32.2 1 0
github.com/dwoolworth/gosurfer/page.go:35.32,37.2 1 0
github.com/dwoolworth/gosurfer/page.go:40.31,42.2 1 0
github.com/dwoolworth/gosurfer/page.go:45.29,47.16 2 1
github.com/dwoolworth/gosurfer/page.go:47.16,49.3 1 0
github.com/dwoolworth/gosurfer/page.go:50.2,50.17 1 1
github.com/dwoolworth/gosurfer/page.go:54.40,56.16 2 1
github.com/dwoolworth/gosurfer/page.go:56.16,58.3 1 0
github.com/dwoolworth/gosurfer/page.go:59.2,59.24 1 1
github.com/dwoolworth/gosurfer/page.go:63.39,65.2 1 0
github.com/dwoolworth/gosurfer/page.go:68.59,70.16 2 1
github.com/dwoolworth/gosurfer/page.go:70.16,72.3 1 0
github.com/dwoolworth/gosurfer/page.go:73.2,73.40 1 1
github.com/dwoolworth/gosurfer/page.go:77.62,79.16 2 1
github.com/dwoolworth/gosurfer/page.go:79.16,81.3 1 0
github.com/dwoolworth/gosurfer/page.go:82.2,83.25 2 1
github.com/dwoolworth/gosurfer/page.go:83.25,85.3 1 1
github.com/dwoolworth/gosurfer/page.go:86.2,86.20 1 1
github.com/dwoolworth/gosurfer/page.go:90.63,92.16 2 0
github.com/dwoolworth/gosurfer/page.go:92.16,94.3 1 0
github.com/dwoolworth/gosurfer/page.go:95.2,95.40 1 0
github.com/dwoolworth/gosurfer/page.go:99.45,101.16 2 0
github.com/dwoolworth/gosurfer/page.go:101.16,103.3 1 0
github.com/dwoolworth/gosurfer/page.go:104.2,104.19 1 0
github.com/dwoolworth/gosurfer/page.go:108.50,110.16 2 1
github.com/dwoolworth/gosurfer/page.go:110.16,112.3 1 0
github.com/dwoolworth/gosurfer/page.go:113.2,113.22 1 1
github.com/dwoolworth/gosurfer/page.go:117.54,119.16 2 0
github.com/dwoolworth/gosurfer/page.go:119.16,121.3 1 0
github.com/dwoolworth/gosurfer/page.go:122.2,122.18 1 0
github.com/dwoolworth/gosurfer/page.go:126.45,131.2 1 0
github.com/dwoolworth/gosurfer/page.go:134.49,139.2 1 0
github.com/dwoolworth/gosurfer/page.go:142.60,148.2 2 0
github.com/dwoolworth/gosurfer/page.go:151.38,155.16 2 0
github.com/dwoolworth/gosurfer/page.go:155.16,157.3 1 0
github.com/dwoolworth/gosurfer/page.go:158.2,158.15 1 0
github.com/dwoolworth/gosurfer/page.go:158.15,158.37 1 0
github.com/dwoolworth/gosurfer/page.go:159.2,159.27 1 0
github.com/dwoolworth/gosurfer/page.go:163.74,165.16 2 1
github.com/dwoolworth/gosurfer/page.go:165.16,167.3 1 0
github.com/dwoolworth/gosurfer/page.go:168.2,168.32 1 1
github.com/dwoolworth/gosurfer/page.go:174.45,176.2 1 0
github.com/dwoolworth/gosurfer/page.go:179.39,182.2 2 0
github.com/dwoolworth/gosurfer/page.go:185.36,188.2 2 0
github.com/dwoolworth/gosurfer/page.go:191.33,193.2 1 0
github.com/dwoolworth/gosurfer/page.go:196.54,198.2 1 0
github.com/dwoolworth/gosurfer/page.go:201.57,203.2 1 0
github.com/dwoolworth/gosurfer/page.go:206.64,208.16 2 0
github.com/dwoolworth/gosurfer/page.go:208.16,210.3 1 0
github.com/dwoolworth/gosurfer/page.go:211.2,211.40 1 0
github.com/dwoolworth/gosurfer/page.go:216.46,218.2 1 0
github.com/dwoolworth/gosurfer/page.go:221.60,223.16 2 0
github.com/dwoolworth/gosurfer/page.go:223.16,225.3 1 0
github.com/dwoolworth/gosurfer/page.go:226.2,227.16 2 0
github.com/dwoolworth/gosurfer/page.go:227.16,229.3 1 0
github.com/dwoolworth/gosurfer/page.go:230.2,231.19 2 0
github.com/dwoolworth/gosurfer/page.go:235.46,237.2 1 0
github.com/dwoolworth/gosurfer/page.go:251.104,253.24 2 0
github.com/dwoolworth/gosurfer/page.go:253.24,261.3 2 0
github.com/dwoolworth/gosurfer/page.go:262.2,262.54 1 0
github.com/dwoolworth/gosurfer/page.go:262.54,267.3 1 0
github.com/dwoolworth/gosurfer/page.go:268.2,268.8 1 0
github.com/dwoolworth/gosurfer/page.go:274.44,276.12 2 0
github.com/dwoolworth/gosurfer/page.go:276.12,277.7 1 0
github.com/dwoolworth/gosurfer/page.go:277.7,278.11 1 0
github.com/dwoolworth/gosurfer/page.go:279.22,280.11 1 0
github.com/dwoolworth/gosurfer/page.go:281.12,281.12 0 0
github.com/dwoolworth/gosurfer/page.go:283.4,286.60 4 0
github.com/dwoolworth/gosurfer/page.go:289.2,289.15 1 0
github.com/dwoolworth/gosurfer/page.go:296.50,298.31 2 0
github.com/dwoolworth/gosurfer/page.go:298.31,303.3 4 0
github.com/dwoolworth/gosurfer/page.go:309.42,311.16 2 0
github.com/dwoolworth/gosurfer/page.go:311.16,313.3 1 0
github.com/dwoolworth/gosurfer/page.go:314.2,315.33 2 0
github.com/dwoolworth/gosurfer/page.go:315.33,317.17 2 0
github.com/dwoolworth/gosurfer/page.go:317.17,318.12 1 0
github.com/dwoolworth/gosurfer/page.go:320.3,322.30 3 0
github.com/dwoolworth/gosurfer/page.go:324.2,324.20 1 0
github.com/dwoolworth/gosurfer/page.go:332.71,334.16 2 0
github.com/dwoolworth/gosurfer/page.go:334.16,336.3 1 0
github.com/dwoolworth/gosurfer/page.go:337.2,337.36 1 0
github.com/dwoolworth/gosurfer/page.go:337.36,339.3 1 0
github.com/dwoolworth/gosurfer/page.go:346.34,348.18 2 0
github.com/dwoolworth/gosurfer/page.go:348.18,350.3 1 0
github.com/dwoolworth/gosurfer/page.go:351.2,351.12 1 0
github.com/dwoolworth/gosurfer/page.go:355.32,357.2 1 0
github.com/dwoolworth/gosurfer/page.go:360.30,362.2 1 1
github.com/dwoolworth/gosurfer/page.go:365.32,367.2 1 0
github.com/dwoolworth/gosurfer/prompt.go:9.69,45.43 5 0
github.com/dwoolworth/gosurfer/prompt.go:45.43,47.29 2 0
github.com/dwoolworth/gosurfer/prompt.go:47.29,49.36 2 0
github.com/dwoolworth/gosurfer/prompt.go:49.36,51.19 2 0
github.com/dwoolworth/gosurfer/prompt.go:51.19,53.6 1 0
github.com/dwoolworth/gosurfer/prompt.go:54.5,54.88 1 0
github.com/dwoolworth/gosurfer/prompt.go:59.2,68.19 2 0
github.com/dwoolworth/gosurfer/stealth.go:10.34,13.2 2 0
github.com/dwoolworth/gosurfer/stealth.go:16.45,22.2 1 0
github.com/dwoolworth/gosurfer/stealth.go:25.32,27.2 1 0
github.com/dwoolworth/gosurfer/stealth.go:30.43,37.2 2 0
github.com/dwoolworth/gosurfer/storage.go:24.47,26.16 2 1
github.com/dwoolworth/gosurfer/storage.go:26.16,28.3 1 0
github.com/dwoolworth/gosurfer/storage.go:29.2,30.32 2 1
github.com/dwoolworth/gosurfer/storage.go:30.32,41.3 1 1
github.com/dwoolworth/gosurfer/storage.go:42.2,42.21 1 1
github.com/dwoolworth/gosurfer/storage.go:46.55,48.16 2 0
github.com/dwoolworth/gosurfer/storage.go:48.16,50.3 1 0
github.com/dwoolworth/gosurfer/storage.go:51.2,51.28 1 0
github.com/dwoolworth/gosurfer/storage.go:51.28,52.21 1 0
github.com/dwoolworth/gosurfer/storage.go:52.21,54.4 1 0
github.com/dwoolworth/gosurfer/storage.go:56.2,56.16 1 0
github.com/dwoolworth/gosurfer/storage.go:60.66,61.16 1 1
github.com/dwoolworth/gosurfer/storage.go:61.16,63.3 1 0
github.com/dwoolworth/gosurfer/storage.go:65.2,65.18 1 1
github.com/dwoolworth/gosurfer/storage.go:65.18,69.17 2 1
github.com/dwoolworth/gosurfer/storage.go:69.17,71.4 1 0
github.com/dwoolworth/gosurfer/storage.go:72.3,74.47 2 1
github.com/dwoolworth/gosurfer/storage.go:74.47,76.4 1 1
github.com/dwoolworth/gosurfer/storage.go:76.9,78.4 1 0
github.com/dwoolworth/gosurfer/storage.go:81.2,87.16 2 1
github.com/dwoolworth/gosurfer/storage.go:87.16,89.3 1 0
github.com/dwoolworth/gosurfer/storage.go:90.2,90.12 1 1
github.com/dwoolworth/gosurfer/storage.go:94.51,96.28 2 1
github.com/dwoolworth/gosurfer/storage.go:96.28,105.20 2 1
github.com/dwoolworth/gosurfer/storage.go:105.20,107.4 1 0
github.com/dwoolworth/gosurfer/storage.go:110.2,110.61 1 1
github.com/dwoolworth/gosurfer/storage.go:114.49,117.16 2 0
github.com/dwoolworth/gosurfer/storage.go:117.16,119.3 1 0
github.com/dwoolworth/gosurfer/storage.go:120.2,121.57 2 0
github.com/dwoolworth/gosurfer/storage.go:121.57,123.3 1 0
github.com/dwoolworth/gosurfer/storage.go:124.2,124.75 1 0
github.com/dwoolworth/gosurfer/storage.go:128.37,130.16 2 0
github.com/dwoolworth/gosurfer/storage.go:130.16,132.3 1 0
github.com/dwoolworth/gosurfer/storage.go:133.2,133.28 1 0
github.com/dwoolworth/gosurfer/storage.go:133.28,139.44 2 0
github.com/dwoolworth/gosurfer/storage.go:139.44,141.4 1 0
github.com/dwoolworth/gosurfer/storage.go:143.2,143.12 1 0
github.com/dwoolworth/gosurfer/storage.go:149.60,151.16 2 1
github.com/dwoolworth/gosurfer/storage.go:151.16,153.3 1 0
github.com/dwoolworth/gosurfer/storage.go:154.2,154.24 1 1
github.com/dwoolworth/gosurfer/storage.go:154.24,156.3 1 0
github.com/dwoolworth/gosurfer/storage.go:157.2,157.32 1 1
github.com/dwoolworth/gosurfer/storage.go:161.57,163.16 2 1
github.com/dwoolworth/gosurfer/storage.go:163.16,165.3 1 0
github.com/dwoolworth/gosurfer/storage.go:166.2,166.12 1 1
github.com/dwoolworth/gosurfer/storage.go:170.53,173.2 2 0
github.com/dwoolworth/gosurfer/storage.go:176.42,179.2 2 0
github.com/dwoolworth/gosurfer/storage.go:182.61,191.16 2 1
github.com/dwoolworth/gosurfer/storage.go:191.16,193.3 1 0
github.com/dwoolworth/gosurfer/storage.go:195.2,196.75 2 1
github.com/dwoolworth/gosurfer/storage.go:196.75,198.3 1 0
github.com/dwoolworth/gosurfer/storage.go:199.2,199.19 1 1
github.com/dwoolworth/gosurfer/storage.go:203.62,205.16 2 0
github.com/dwoolworth/gosurfer/storage.go:205.16,207.3 1 0
github.com/dwoolworth/gosurfer/storage.go:208.2,208.24 1 0
github.com/dwoolworth/gosurfer/storage.go:208.24,210.3 1 0
github.com/dwoolworth/gosurfer/storage.go:211.2,211.32 1 0
github.com/dwoolworth/gosurfer/storage.go:215.59,218.2 2 0
github.com/dwoolworth/gosurfer/totp.go:15.50,22.38 4 0
github.com/dwoolworth/gosurfer/totp.go:22.38,24.3 1 0
github.com/dwoolworth/gosurfer/totp.go:26.2,27.16 2 0
github.com/dwoolworth/gosurfer/totp.go:27.16,29.3 1 0
github.com/dwoolworth/gosurfer/totp.go:31.2,31.50 1 0
github.com/dwoolworth/gosurfer/totp.go:35.65,39.38 4 0
github.com/dwoolworth/gosurfer/totp.go:39.38,41.3 1 0
github.com/dwoolworth/gosurfer/totp.go:43.2,44.16 2 0
github.com/dwoolworth/gosurfer/totp.go:44.16,46.3 1 0
github.com/dwoolworth/gosurfer/totp.go:48.2,48.41 1 0
github.com/dwoolworth/gosurfer/totp.go:51.58,70.2 10 0
github.com/dwoolworth/gosurfer/totp.go:80.50,82.2 1 0
github.com/dwoolworth/gosurfer/totp.go:86.51,88.9 2 0
github.com/dwoolworth/gosurfer/totp.go:88.9,90.3 1 0
github.com/dwoolworth/gosurfer/totp.go:92.2,92.37 1 0
github.com/dwoolworth/gosurfer/totp.go:92.37,94.3 1 0
github.com/dwoolworth/gosurfer/totp.go:96.2,96.17 1 0
github.com/dwoolworth/gosurfer/totp.go:100.40,103.2 2 0
github.com/dwoolworth/gosurfer/totp.go:106.35,108.24 2 0
github.com/dwoolworth/gosurfer/totp.go:108.24,110.3 1 0
github.com/dwoolworth/gosurfer/totp.go:111.2,111.13 1 0
github.com/dwoolworth/gosurfer/totp.go:116.53,117.26 1 0
github.com/dwoolworth/gosurfer/totp.go:117.26,119.42 2 0
github.com/dwoolworth/gosurfer/totp.go:119.42,121.18 2 0
github.com/dwoolworth/gosurfer/totp.go:121.18,123.5 1 0
github.com/dwoolworth/gosurfer/totp.go:126.2,126.13 1 0
